-- Found ament_cmake: 1.3.5 (/opt/ros/humble/share/ament_cmake/cmake)
-- Found ament_lint_auto: 0.12.8 (/opt/ros/humble/share/ament_lint_auto/cmake)
-- Added test 'flake8' to check Python code syntax and style conventions
-- Added test 'lint_cmake' to check CMake code style
-- Added test 'pep257' to check Python code against some of the docstring style conventions in PEP 257
-- Added test 'xmllint' to check XML markup files
-- Configuring done
-- Generating done
-- Build files have been written to: /home/accesslabros2/access_ws/build/cpp_launch
-- Install configuration: ""
-- Up-to-date: /home/accesslabros2/access_ws/install/cpp_launch/share/cpp_launch/launch
-- Up-to-date: /home/accesslabros2/access_ws/install/cpp_launch/share/cpp_launch/launch/launch.py
-- Installing: /home/accesslabros2/access_ws/install/cpp_launch/share/ament_index/resource_index/package_run_dependencies/cpp_launch
-- Installing: /home/accesslabros2/access_ws/install/cpp_launch/share/ament_index/resource_index/parent_prefix_path/cpp_launch
-- Up-to-date: /home/accesslabros2/access_ws/install/cpp_launch/share/cpp_launch/environment/ament_prefix_path.sh
-- Installing: /home/accesslabros2/access_ws/install/cpp_launch/share/cpp_launch/environment/ament_prefix_path.dsv
-- Up-to-date: /home/accesslabros2/access_ws/install/cpp_launch/share/cpp_launch/environment/path.sh
-- Installing: /home/accesslabros2/access_ws/install/cpp_launch/share/cpp_launch/environment/path.dsv
-- Up-to-date: /home/accesslabros2/access_ws/install/cpp_launch/share/cpp_launch/local_setup.bash
-- Up-to-date: /home/accesslabros2/access_ws/install/cpp_launch/share/cpp_launch/local_setup.sh
-- Up-to-date: /home/accesslabros2/access_ws/install/cpp_launch/share/cpp_launch/local_setup.zsh
-- Installing: /home/accesslabros2/access_ws/install/cpp_launch/share/cpp_launch/local_setup.dsv
-- Installing: /home/accesslabros2/access_ws/install/cpp_launch/share/cpp_launch/package.dsv
-- Up-to-date: /home/accesslabros2/access_ws/install/cpp_launch/share/ament_index/resource_index/packages/cpp_launch
-- Up-to-date: /home/accesslabros2/access_ws/install/cpp_launch/share/cpp_launch/cmake/cpp_launchConfig.cmake
-- Up-to-date: /home/accesslabros2/access_ws/install/cpp_launch/share/cpp_launch/cmake/cpp_launchConfig-version.cmake
-- Installing: /home/accesslabros2/access_ws/install/cpp_launch/share/cpp_launch/package.xml
