[0.089s] Invoking command in '/home/accesslabros2/access_ws/build/cpp_launch': CMAKE_PREFIX_PATH=${CMAKE_PREFIX_PATH}:/home/accesslabros2/access_ws/install/orange:/opt/ros/humble /usr/bin/cmake --build /home/accesslabros2/access_ws/build/cpp_launch -- -j20 -l20
[0.102s] -- Found ament_cmake: 1.3.5 (/opt/ros/humble/share/ament_cmake/cmake)
[0.178s] -- Found ament_lint_auto: 0.12.8 (/opt/ros/humble/share/ament_lint_auto/cmake)
[0.213s] -- Added test 'flake8' to check Python code syntax and style conventions
[0.213s] -- Added test 'lint_cmake' to check CMake code style
[0.213s] -- Added test 'pep257' to check Python code against some of the docstring style conventions in PEP 257
[0.213s] -- Added test 'xmllint' to check XML markup files
[0.213s] -- Configuring done
[0.215s] -- Generating done
[0.215s] -- Build files have been written to: /home/accesslabros2/access_ws/build/cpp_launch
[0.254s] Invoked command in '/home/accesslabros2/access_ws/build/cpp_launch' returned '0': CMAKE_PREFIX_PATH=${CMAKE_PREFIX_PATH}:/home/accesslabros2/access_ws/install/orange:/opt/ros/humble /usr/bin/cmake --build /home/accesslabros2/access_ws/build/cpp_launch -- -j20 -l20
[0.272s] Invoking command in '/home/accesslabros2/access_ws/build/cpp_launch': CMAKE_PREFIX_PATH=${CMAKE_PREFIX_PATH}:/home/accesslabros2/access_ws/install/orange:/opt/ros/humble /usr/bin/cmake --install /home/accesslabros2/access_ws/build/cpp_launch
[0.276s] -- Install configuration: ""
[0.276s] -- Up-to-date: /home/accesslabros2/access_ws/install/cpp_launch/share/cpp_launch/launch
[0.276s] -- Up-to-date: /home/accesslabros2/access_ws/install/cpp_launch/share/cpp_launch/launch/launch.py
[0.276s] -- Installing: /home/accesslabros2/access_ws/install/cpp_launch/share/ament_index/resource_index/package_run_dependencies/cpp_launch
[0.276s] -- Installing: /home/accesslabros2/access_ws/install/cpp_launch/share/ament_index/resource_index/parent_prefix_path/cpp_launch
[0.276s] -- Up-to-date: /home/accesslabros2/access_ws/install/cpp_launch/share/cpp_launch/environment/ament_prefix_path.sh
[0.277s] -- Installing: /home/accesslabros2/access_ws/install/cpp_launch/share/cpp_launch/environment/ament_prefix_path.dsv
[0.277s] -- Up-to-date: /home/accesslabros2/access_ws/install/cpp_launch/share/cpp_launch/environment/path.sh
[0.277s] -- Installing: /home/accesslabros2/access_ws/install/cpp_launch/share/cpp_launch/environment/path.dsv
[0.277s] -- Up-to-date: /home/accesslabros2/access_ws/install/cpp_launch/share/cpp_launch/local_setup.bash
[0.277s] -- Up-to-date: /home/accesslabros2/access_ws/install/cpp_launch/share/cpp_launch/local_setup.sh
[0.277s] -- Up-to-date: /home/accesslabros2/access_ws/install/cpp_launch/share/cpp_launch/local_setup.zsh
[0.277s] -- Installing: /home/accesslabros2/access_ws/install/cpp_launch/share/cpp_launch/local_setup.dsv
[0.277s] -- Installing: /home/accesslabros2/access_ws/install/cpp_launch/share/cpp_launch/package.dsv
[0.277s] -- Up-to-date: /home/accesslabros2/access_ws/install/cpp_launch/share/ament_index/resource_index/packages/cpp_launch
[0.277s] -- Up-to-date: /home/accesslabros2/access_ws/install/cpp_launch/share/cpp_launch/cmake/cpp_launchConfig.cmake
[0.277s] -- Up-to-date: /home/accesslabros2/access_ws/install/cpp_launch/share/cpp_launch/cmake/cpp_launchConfig-version.cmake
[0.277s] -- Installing: /home/accesslabros2/access_ws/install/cpp_launch/share/cpp_launch/package.xml
[0.278s] Invoked command in '/home/accesslabros2/access_ws/build/cpp_launch' returned '0': CMAKE_PREFIX_PATH=${CMAKE_PREFIX_PATH}:/home/accesslabros2/access_ws/install/orange:/opt/ros/humble /usr/bin/cmake --install /home/accesslabros2/access_ws/build/cpp_launch
