[0.032s] Invoking command in '/home/accesslabros2/access_ws/build/cpp_launch': AMENT_PREFIX_PATH=/home/accesslabros2/access_ws/install/orange:/home/accesslabros2/access_ws/install/cpp_launch:/home/accesslabros2/access_ws/install/cpp_launcher:/home/accesslabros2/access_ws/install/green:/opt/ros/humble CMAKE_PREFIX_PATH=/home/accesslabros2/access_ws/install/green:/home/accesslabros2/access_ws/install/cpp_launch:/home/accesslabros2/access_ws/install/cpp_launcher:/opt/intel/oneapi/tbb/2021.10.0/env/..:/opt/intel/oneapi/ipp/2021.9.0/lib/cmake/ipp:/opt/intel/oneapi/ipp/2021.9.0/lib/cmake/ipp:/opt/intel/oneapi/dnnl/2023.2.0/cpu_dpcpp_gpu_dpcpp/../lib/cmake:/opt/intel/oneapi/dal/2023.2.0:/opt/intel/oneapi/compiler/2023.2.1/linux/IntelDPCPP:/opt/intel/oneapi/ccl/2021.10.0/lib/cmake/oneCCL:/home/accesslabros2/access_ws/install/orange:/opt/ros/humble /usr/bin/cmake --build /home/accesslabros2/access_ws/build/cpp_launch -- -j20 -l20
[0.059s] Invoked command in '/home/accesslabros2/access_ws/build/cpp_launch' returned '0': AMENT_PREFIX_PATH=/home/accesslabros2/access_ws/install/orange:/home/accesslabros2/access_ws/install/cpp_launch:/home/accesslabros2/access_ws/install/cpp_launcher:/home/accesslabros2/access_ws/install/green:/opt/ros/humble CMAKE_PREFIX_PATH=/home/accesslabros2/access_ws/install/green:/home/accesslabros2/access_ws/install/cpp_launch:/home/accesslabros2/access_ws/install/cpp_launcher:/opt/intel/oneapi/tbb/2021.10.0/env/..:/opt/intel/oneapi/ipp/2021.9.0/lib/cmake/ipp:/opt/intel/oneapi/ipp/2021.9.0/lib/cmake/ipp:/opt/intel/oneapi/dnnl/2023.2.0/cpu_dpcpp_gpu_dpcpp/../lib/cmake:/opt/intel/oneapi/dal/2023.2.0:/opt/intel/oneapi/compiler/2023.2.1/linux/IntelDPCPP:/opt/intel/oneapi/ccl/2021.10.0/lib/cmake/oneCCL:/home/accesslabros2/access_ws/install/orange:/opt/ros/humble /usr/bin/cmake --build /home/accesslabros2/access_ws/build/cpp_launch -- -j20 -l20
[0.089s] Invoking command in '/home/accesslabros2/access_ws/build/cpp_launch': AMENT_PREFIX_PATH=/home/accesslabros2/access_ws/install/orange:/home/accesslabros2/access_ws/install/cpp_launch:/home/accesslabros2/access_ws/install/cpp_launcher:/home/accesslabros2/access_ws/install/green:/opt/ros/humble CMAKE_PREFIX_PATH=/home/accesslabros2/access_ws/install/green:/home/accesslabros2/access_ws/install/cpp_launch:/home/accesslabros2/access_ws/install/cpp_launcher:/opt/intel/oneapi/tbb/2021.10.0/env/..:/opt/intel/oneapi/ipp/2021.9.0/lib/cmake/ipp:/opt/intel/oneapi/ipp/2021.9.0/lib/cmake/ipp:/opt/intel/oneapi/dnnl/2023.2.0/cpu_dpcpp_gpu_dpcpp/../lib/cmake:/opt/intel/oneapi/dal/2023.2.0:/opt/intel/oneapi/compiler/2023.2.1/linux/IntelDPCPP:/opt/intel/oneapi/ccl/2021.10.0/lib/cmake/oneCCL:/home/accesslabros2/access_ws/install/orange:/opt/ros/humble /usr/bin/cmake --install /home/accesslabros2/access_ws/build/cpp_launch
[0.098s] -- Install configuration: ""
[0.098s] -- Up-to-date: /home/accesslabros2/access_ws/install/cpp_launch/share/cpp_launch/launch
[0.098s] -- Installing: /home/accesslabros2/access_ws/install/cpp_launch/share/cpp_launch/launch/launch.py
[0.099s] -- Up-to-date: /home/accesslabros2/access_ws/install/cpp_launch/share/ament_index/resource_index/package_run_dependencies/cpp_launch
[0.099s] -- Up-to-date: /home/accesslabros2/access_ws/install/cpp_launch/share/ament_index/resource_index/parent_prefix_path/cpp_launch
[0.099s] -- Up-to-date: /home/accesslabros2/access_ws/install/cpp_launch/share/cpp_launch/environment/ament_prefix_path.sh
[0.099s] -- Up-to-date: /home/accesslabros2/access_ws/install/cpp_launch/share/cpp_launch/environment/ament_prefix_path.dsv
[0.099s] -- Up-to-date: /home/accesslabros2/access_ws/install/cpp_launch/share/cpp_launch/environment/path.sh
[0.099s] -- Up-to-date: /home/accesslabros2/access_ws/install/cpp_launch/share/cpp_launch/environment/path.dsv
[0.099s] -- Up-to-date: /home/accesslabros2/access_ws/install/cpp_launch/share/cpp_launch/local_setup.bash
[0.099s] -- Up-to-date: /home/accesslabros2/access_ws/install/cpp_launch/share/cpp_launch/local_setup.sh
[0.099s] -- Up-to-date: /home/accesslabros2/access_ws/install/cpp_launch/share/cpp_launch/local_setup.zsh
[0.099s] -- Up-to-date: /home/accesslabros2/access_ws/install/cpp_launch/share/cpp_launch/local_setup.dsv
[0.099s] -- Installing: /home/accesslabros2/access_ws/install/cpp_launch/share/cpp_launch/package.dsv
[0.099s] -- Up-to-date: /home/accesslabros2/access_ws/install/cpp_launch/share/ament_index/resource_index/packages/cpp_launch
[0.099s] -- Up-to-date: /home/accesslabros2/access_ws/install/cpp_launch/share/cpp_launch/cmake/cpp_launchConfig.cmake
[0.099s] -- Up-to-date: /home/accesslabros2/access_ws/install/cpp_launch/share/cpp_launch/cmake/cpp_launchConfig-version.cmake
[0.099s] -- Up-to-date: /home/accesslabros2/access_ws/install/cpp_launch/share/cpp_launch/package.xml
[0.101s] Invoked command in '/home/accesslabros2/access_ws/build/cpp_launch' returned '0': AMENT_PREFIX_PATH=/home/accesslabros2/access_ws/install/orange:/home/accesslabros2/access_ws/install/cpp_launch:/home/accesslabros2/access_ws/install/cpp_launcher:/home/accesslabros2/access_ws/install/green:/opt/ros/humble CMAKE_PREFIX_PATH=/home/accesslabros2/access_ws/install/green:/home/accesslabros2/access_ws/install/cpp_launch:/home/accesslabros2/access_ws/install/cpp_launcher:/opt/intel/oneapi/tbb/2021.10.0/env/..:/opt/intel/oneapi/ipp/2021.9.0/lib/cmake/ipp:/opt/intel/oneapi/ipp/2021.9.0/lib/cmake/ipp:/opt/intel/oneapi/dnnl/2023.2.0/cpu_dpcpp_gpu_dpcpp/../lib/cmake:/opt/intel/oneapi/dal/2023.2.0:/opt/intel/oneapi/compiler/2023.2.1/linux/IntelDPCPP:/opt/intel/oneapi/ccl/2021.10.0/lib/cmake/oneCCL:/home/accesslabros2/access_ws/install/orange:/opt/ros/humble /usr/bin/cmake --install /home/accesslabros2/access_ws/build/cpp_launch
