[0.457s] DEBUG:colcon:Command line arguments: ['/usr/bin/colcon', 'build']
[0.457s] DEBUG:colcon:Parsed command line arguments: Namespace(log_base=None, log_level=None, verb_name='build', build_base='build', install_base='install', merge_install=False, symlink_install=False, test_result_base=None, continue_on_error=False, executor='parallel', parallel_workers=20, event_handlers=None, ignore_user_meta=False, metas=['./colcon.meta'], base_paths=['.'], packages_ignore=None, packages_ignore_regex=None, paths=None, packages_up_to=None, packages_up_to_regex=None, packages_above=None, packages_above_and_dependencies=None, packages_above_depth=None, packages_select_by_dep=None, packages_skip_by_dep=None, packages_skip_up_to=None, packages_select_build_failed=False, packages_skip_build_finished=False, packages_select_test_failures=False, packages_skip_test_passed=False, packages_select=None, packages_skip=None, packages_select_regex=None, packages_skip_regex=None, packages_start=None, packages_end=None, allow_overriding=[], cmake_args=None, cmake_target=None, cmake_target_skip_unavailable=False, cmake_clean_cache=False, cmake_clean_first=False, cmake_force_configure=False, ament_cmake_args=None, catkin_cmake_args=None, catkin_skip_building_tests=False, verb_parser=<colcon_defaults.argument_parser.defaults.DefaultArgumentsDecorator object at 0x7ff3f71b25c0>, verb_extension=<colcon_core.verb.build.BuildVerb object at 0x7ff3f71b0400>, main=<bound method BuildVerb.main of <colcon_core.verb.build.BuildVerb object at 0x7ff3f71b0400>>)
[0.478s] Level 1:colcon.colcon_core.package_discovery:discover_packages(colcon_meta) check parameters
[0.478s] Level 1:colcon.colcon_core.package_discovery:discover_packages(recursive) check parameters
[0.478s] Level 1:colcon.colcon_core.package_discovery:discover_packages(ignore) check parameters
[0.478s] Level 1:colcon.colcon_core.package_discovery:discover_packages(path) check parameters
[0.478s] Level 1:colcon.colcon_core.package_discovery:discover_packages(colcon_meta) discover
[0.478s] Level 1:colcon.colcon_core.package_discovery:discover_packages(recursive) discover
[0.478s] INFO:colcon.colcon_core.package_discovery:Crawling recursively for packages in '/home/accesslabros2/access_ws'
[0.478s] Level 1:colcon.colcon_core.package_identification:_identify(.) by extensions ['ignore', 'ignore_ament_install']
[0.478s] Level 1:colcon.colcon_core.package_identification:_identify(.) by extension 'ignore'
[0.478s] Level 1:colcon.colcon_core.package_identification:_identify(.) by extension 'ignore_ament_install'
[0.478s] Level 1:colcon.colcon_core.package_identification:_identify(.) by extensions ['colcon_pkg']
[0.479s] Level 1:colcon.colcon_core.package_identification:_identify(.) by extension 'colcon_pkg'
[0.479s] Level 1:colcon.colcon_core.package_identification:_identify(.) by extensions ['colcon_meta']
[0.479s] Level 1:colcon.colcon_core.package_identification:_identify(.) by extension 'colcon_meta'
[0.479s] Level 1:colcon.colcon_core.package_identification:_identify(.) by extensions ['ros']
[0.479s] Level 1:colcon.colcon_core.package_identification:_identify(.) by extension 'ros'
[0.484s] Level 1:colcon.colcon_core.package_identification:_identify(.) by extensions ['cmake', 'python']
[0.484s] Level 1:colcon.colcon_core.package_identification:_identify(.) by extension 'cmake'
[0.484s] Level 1:colcon.colcon_core.package_identification:_identify(.) by extension 'python'
[0.484s] Level 1:colcon.colcon_core.package_identification:_identify(.) by extensions ['python_setup_py']
[0.484s] Level 1:colcon.colcon_core.package_identification:_identify(.) by extension 'python_setup_py'
[0.484s] Level 1:colcon.colcon_core.package_identification:_identify(build) by extensions ['ignore', 'ignore_ament_install']
[0.484s] Level 1:colcon.colcon_core.package_identification:_identify(build) by extension 'ignore'
[0.484s] Level 1:colcon.colcon_core.package_identification:_identify(build) ignored
[0.484s] Level 1:colcon.colcon_core.package_identification:_identify(install) by extensions ['ignore', 'ignore_ament_install']
[0.484s] Level 1:colcon.colcon_core.package_identification:_identify(install) by extension 'ignore'
[0.484s] Level 1:colcon.colcon_core.package_identification:_identify(install) ignored
[0.484s] Level 1:colcon.colcon_core.package_identification:_identify(log) by extensions ['ignore', 'ignore_ament_install']
[0.484s] Level 1:colcon.colcon_core.package_identification:_identify(log) by extension 'ignore'
[0.485s] Level 1:colcon.colcon_core.package_identification:_identify(log) ignored
[0.485s] Level 1:colcon.colcon_core.package_identification:_identify(src) by extensions ['ignore', 'ignore_ament_install']
[0.485s] Level 1:colcon.colcon_core.package_identification:_identify(src) by extension 'ignore'
[0.485s] Level 1:colcon.colcon_core.package_identification:_identify(src) by extension 'ignore_ament_install'
[0.485s] Level 1:colcon.colcon_core.package_identification:_identify(src) by extensions ['colcon_pkg']
[0.485s] Level 1:colcon.colcon_core.package_identification:_identify(src) by extension 'colcon_pkg'
[0.485s] Level 1:colcon.colcon_core.package_identification:_identify(src) by extensions ['colcon_meta']
[0.485s] Level 1:colcon.colcon_core.package_identification:_identify(src) by extension 'colcon_meta'
[0.485s] Level 1:colcon.colcon_core.package_identification:_identify(src) by extensions ['ros']
[0.485s] Level 1:colcon.colcon_core.package_identification:_identify(src) by extension 'ros'
[0.485s] Level 1:colcon.colcon_core.package_identification:_identify(src) by extensions ['cmake', 'python']
[0.485s] Level 1:colcon.colcon_core.package_identification:_identify(src) by extension 'cmake'
[0.485s] Level 1:colcon.colcon_core.package_identification:_identify(src) by extension 'python'
[0.485s] Level 1:colcon.colcon_core.package_identification:_identify(src) by extensions ['python_setup_py']
[0.485s] Level 1:colcon.colcon_core.package_identification:_identify(src) by extension 'python_setup_py'
[0.485s] Level 1:colcon.colcon_core.package_identification:_identify(src/cpp_launch) by extensions ['ignore', 'ignore_ament_install']
[0.485s] Level 1:colcon.colcon_core.package_identification:_identify(src/cpp_launch) by extension 'ignore'
[0.485s] Level 1:colcon.colcon_core.package_identification:_identify(src/cpp_launch) by extension 'ignore_ament_install'
[0.485s] Level 1:colcon.colcon_core.package_identification:_identify(src/cpp_launch) by extensions ['colcon_pkg']
[0.485s] Level 1:colcon.colcon_core.package_identification:_identify(src/cpp_launch) by extension 'colcon_pkg'
[0.485s] Level 1:colcon.colcon_core.package_identification:_identify(src/cpp_launch) by extensions ['colcon_meta']
[0.485s] Level 1:colcon.colcon_core.package_identification:_identify(src/cpp_launch) by extension 'colcon_meta'
[0.485s] Level 1:colcon.colcon_core.package_identification:_identify(src/cpp_launch) by extensions ['ros']
[0.485s] Level 1:colcon.colcon_core.package_identification:_identify(src/cpp_launch) by extension 'ros'
[0.486s] DEBUG:colcon.colcon_core.package_identification:Package 'src/cpp_launch' with type 'ros.ament_cmake' and name 'cpp_launcher'
[0.486s] Level 1:colcon.colcon_core.package_identification:_identify(src/green) by extensions ['ignore', 'ignore_ament_install']
[0.487s] Level 1:colcon.colcon_core.package_identification:_identify(src/green) by extension 'ignore'
[0.487s] Level 1:colcon.colcon_core.package_identification:_identify(src/green) by extension 'ignore_ament_install'
[0.487s] Level 1:colcon.colcon_core.package_identification:_identify(src/green) by extensions ['colcon_pkg']
[0.487s] Level 1:colcon.colcon_core.package_identification:_identify(src/green) by extension 'colcon_pkg'
[0.487s] Level 1:colcon.colcon_core.package_identification:_identify(src/green) by extensions ['colcon_meta']
[0.487s] Level 1:colcon.colcon_core.package_identification:_identify(src/green) by extension 'colcon_meta'
[0.487s] Level 1:colcon.colcon_core.package_identification:_identify(src/green) by extensions ['ros']
[0.487s] Level 1:colcon.colcon_core.package_identification:_identify(src/green) by extension 'ros'
[0.487s] DEBUG:colcon.colcon_core.package_identification:Package 'src/green' with type 'ros.ament_cmake' and name 'green'
[0.487s] Level 1:colcon.colcon_core.package_identification:_identify(src/orange) by extensions ['ignore', 'ignore_ament_install']
[0.487s] Level 1:colcon.colcon_core.package_identification:_identify(src/orange) by extension 'ignore'
[0.487s] Level 1:colcon.colcon_core.package_identification:_identify(src/orange) by extension 'ignore_ament_install'
[0.487s] Level 1:colcon.colcon_core.package_identification:_identify(src/orange) by extensions ['colcon_pkg']
[0.487s] Level 1:colcon.colcon_core.package_identification:_identify(src/orange) by extension 'colcon_pkg'
[0.487s] Level 1:colcon.colcon_core.package_identification:_identify(src/orange) by extensions ['colcon_meta']
[0.487s] Level 1:colcon.colcon_core.package_identification:_identify(src/orange) by extension 'colcon_meta'
[0.487s] Level 1:colcon.colcon_core.package_identification:_identify(src/orange) by extensions ['ros']
[0.487s] Level 1:colcon.colcon_core.package_identification:_identify(src/orange) by extension 'ros'
[0.488s] DEBUG:colcon.colcon_core.package_identification:Package 'src/orange' with type 'ros.ament_python' and name 'orange'
[0.488s] Level 1:colcon.colcon_core.package_discovery:discover_packages(recursive) using defaults
[0.488s] Level 1:colcon.colcon_core.package_discovery:discover_packages(ignore) discover
[0.488s] Level 1:colcon.colcon_core.package_discovery:discover_packages(ignore) using defaults
[0.488s] Level 1:colcon.colcon_core.package_discovery:discover_packages(path) discover
[0.488s] Level 1:colcon.colcon_core.package_discovery:discover_packages(path) using defaults
[0.529s] Level 1:colcon.colcon_core.package_discovery:discover_packages(prefix_path) check parameters
[0.529s] Level 1:colcon.colcon_core.package_discovery:discover_packages(prefix_path) discover
[0.542s] DEBUG:colcon.colcon_installed_package_information.package_discovery:Found 3 installed packages in /home/accesslabros2/access_ws/install
[0.549s] DEBUG:colcon.colcon_installed_package_information.package_discovery:Found 276 installed packages in /opt/ros/humble
[0.554s] Level 1:colcon.colcon_core.package_discovery:discover_packages(prefix_path) using defaults
[0.595s] Level 5:colcon.colcon_core.verb:set package 'green' build argument 'cmake_args' from command line to 'None'
[0.595s] Level 5:colcon.colcon_core.verb:set package 'green' build argument 'cmake_target' from command line to 'None'
[0.595s] Level 5:colcon.colcon_core.verb:set package 'green' build argument 'cmake_target_skip_unavailable' from command line to 'False'
[0.595s] Level 5:colcon.colcon_core.verb:set package 'green' build argument 'cmake_clean_cache' from command line to 'False'
[0.595s] Level 5:colcon.colcon_core.verb:set package 'green' build argument 'cmake_clean_first' from command line to 'False'
[0.595s] Level 5:colcon.colcon_core.verb:set package 'green' build argument 'cmake_force_configure' from command line to 'False'
[0.595s] Level 5:colcon.colcon_core.verb:set package 'green' build argument 'ament_cmake_args' from command line to 'None'
[0.595s] Level 5:colcon.colcon_core.verb:set package 'green' build argument 'catkin_cmake_args' from command line to 'None'
[0.595s] Level 5:colcon.colcon_core.verb:set package 'green' build argument 'catkin_skip_building_tests' from command line to 'False'
[0.595s] DEBUG:colcon.colcon_core.verb:Building package 'green' with the following arguments: {'ament_cmake_args': None, 'build_base': '/home/accesslabros2/access_ws/build/green', 'catkin_cmake_args': None, 'catkin_skip_building_tests': False, 'cmake_args': None, 'cmake_clean_cache': False, 'cmake_clean_first': False, 'cmake_force_configure': False, 'cmake_target': None, 'cmake_target_skip_unavailable': False, 'install_base': '/home/accesslabros2/access_ws/install/green', 'merge_install': False, 'path': '/home/accesslabros2/access_ws/src/green', 'symlink_install': False, 'test_result_base': None}
[0.602s] Level 5:colcon.colcon_core.verb:set package 'orange' build argument 'cmake_args' from command line to 'None'
[0.602s] Level 5:colcon.colcon_core.verb:set package 'orange' build argument 'cmake_target' from command line to 'None'
[0.602s] Level 5:colcon.colcon_core.verb:set package 'orange' build argument 'cmake_target_skip_unavailable' from command line to 'False'
[0.602s] Level 5:colcon.colcon_core.verb:set package 'orange' build argument 'cmake_clean_cache' from command line to 'False'
[0.602s] Level 5:colcon.colcon_core.verb:set package 'orange' build argument 'cmake_clean_first' from command line to 'False'
[0.602s] Level 5:colcon.colcon_core.verb:set package 'orange' build argument 'cmake_force_configure' from command line to 'False'
[0.602s] Level 5:colcon.colcon_core.verb:set package 'orange' build argument 'ament_cmake_args' from command line to 'None'
[0.602s] Level 5:colcon.colcon_core.verb:set package 'orange' build argument 'catkin_cmake_args' from command line to 'None'
[0.602s] Level 5:colcon.colcon_core.verb:set package 'orange' build argument 'catkin_skip_building_tests' from command line to 'False'
[0.602s] DEBUG:colcon.colcon_core.verb:Building package 'orange' with the following arguments: {'ament_cmake_args': None, 'build_base': '/home/accesslabros2/access_ws/build/orange', 'catkin_cmake_args': None, 'catkin_skip_building_tests': False, 'cmake_args': None, 'cmake_clean_cache': False, 'cmake_clean_first': False, 'cmake_force_configure': False, 'cmake_target': None, 'cmake_target_skip_unavailable': False, 'install_base': '/home/accesslabros2/access_ws/install/orange', 'merge_install': False, 'path': '/home/accesslabros2/access_ws/src/orange', 'symlink_install': False, 'test_result_base': None}
[0.608s] Level 5:colcon.colcon_core.verb:set package 'cpp_launcher' build argument 'cmake_args' from command line to 'None'
[0.608s] Level 5:colcon.colcon_core.verb:set package 'cpp_launcher' build argument 'cmake_target' from command line to 'None'
[0.608s] Level 5:colcon.colcon_core.verb:set package 'cpp_launcher' build argument 'cmake_target_skip_unavailable' from command line to 'False'
[0.608s] Level 5:colcon.colcon_core.verb:set package 'cpp_launcher' build argument 'cmake_clean_cache' from command line to 'False'
[0.608s] Level 5:colcon.colcon_core.verb:set package 'cpp_launcher' build argument 'cmake_clean_first' from command line to 'False'
[0.608s] Level 5:colcon.colcon_core.verb:set package 'cpp_launcher' build argument 'cmake_force_configure' from command line to 'False'
[0.608s] Level 5:colcon.colcon_core.verb:set package 'cpp_launcher' build argument 'ament_cmake_args' from command line to 'None'
[0.608s] Level 5:colcon.colcon_core.verb:set package 'cpp_launcher' build argument 'catkin_cmake_args' from command line to 'None'
[0.608s] Level 5:colcon.colcon_core.verb:set package 'cpp_launcher' build argument 'catkin_skip_building_tests' from command line to 'False'
[0.608s] DEBUG:colcon.colcon_core.verb:Building package 'cpp_launcher' with the following arguments: {'ament_cmake_args': None, 'build_base': '/home/accesslabros2/access_ws/build/cpp_launcher', 'catkin_cmake_args': None, 'catkin_skip_building_tests': False, 'cmake_args': None, 'cmake_clean_cache': False, 'cmake_clean_first': False, 'cmake_force_configure': False, 'cmake_target': None, 'cmake_target_skip_unavailable': False, 'install_base': '/home/accesslabros2/access_ws/install/cpp_launcher', 'merge_install': False, 'path': '/home/accesslabros2/access_ws/src/cpp_launch', 'symlink_install': False, 'test_result_base': None}
[0.615s] INFO:colcon.colcon_core.executor:Executing jobs using 'parallel' executor
[0.622s] DEBUG:colcon.colcon_parallel_executor.executor.parallel:run_until_complete
[0.622s] INFO:colcon.colcon_ros.task.ament_cmake.build:Building ROS package in '/home/accesslabros2/access_ws/src/green' with build type 'ament_cmake'
[0.622s] INFO:colcon.colcon_cmake.task.cmake.build:Building CMake package in '/home/accesslabros2/access_ws/src/green'
[0.629s] INFO:colcon.colcon_core.plugin_system:Skipping extension 'colcon_core.shell.bat': Not used on non-Windows systems
[0.629s] INFO:colcon.colcon_core.shell:Skip shell extension 'powershell' for command environment: Not usable outside of PowerShell
[0.629s] DEBUG:colcon.colcon_core.shell:Skip shell extension 'dsv' for command environment
[0.650s] INFO:colcon.colcon_ros.task.ament_python.build:Building ROS package in '/home/accesslabros2/access_ws/src/orange' with build type 'ament_python'
[0.650s] Level 1:colcon.colcon_core.shell:create_environment_hook('orange', 'ament_prefix_path')
[0.657s] INFO:colcon.colcon_core.shell:Creating environment hook '/home/accesslabros2/access_ws/install/orange/share/orange/hook/ament_prefix_path.ps1'
[0.657s] INFO:colcon.colcon_core.shell:Creating environment descriptor '/home/accesslabros2/access_ws/install/orange/share/orange/hook/ament_prefix_path.dsv'
[0.657s] INFO:colcon.colcon_core.shell:Creating environment hook '/home/accesslabros2/access_ws/install/orange/share/orange/hook/ament_prefix_path.sh'
[0.664s] INFO:colcon.colcon_core.shell:Skip shell extension 'powershell' for command environment: Not usable outside of PowerShell
[0.664s] DEBUG:colcon.colcon_core.shell:Skip shell extension 'dsv' for command environment
[0.688s] DEBUG:colcon.colcon_core.event_handler.log_command:Invoking command in '/home/accesslabros2/access_ws/build/green': CMAKE_PREFIX_PATH=${CMAKE_PREFIX_PATH}:/home/accesslabros2/access_ws/install/orange:/opt/ros/humble /usr/bin/cmake --build /home/accesslabros2/access_ws/build/green -- -j20 -l20
[0.823s] INFO:colcon.colcon_core.task.python.build:Building Python package in '/home/accesslabros2/access_ws/src/orange'
[0.829s] INFO:colcon.colcon_core.shell:Skip shell extension 'powershell' for command environment: Not usable outside of PowerShell
[0.829s] DEBUG:colcon.colcon_core.shell:Skip shell extension 'dsv' for command environment
[0.850s] DEBUG:colcon.colcon_core.event_handler.log_command:Invoked command in '/home/accesslabros2/access_ws/build/green' returned '0': CMAKE_PREFIX_PATH=${CMAKE_PREFIX_PATH}:/home/accesslabros2/access_ws/install/orange:/opt/ros/humble /usr/bin/cmake --build /home/accesslabros2/access_ws/build/green -- -j20 -l20
[0.870s] DEBUG:colcon.colcon_core.event_handler.log_command:Invoking command in '/home/accesslabros2/access_ws/build/green': CMAKE_PREFIX_PATH=${CMAKE_PREFIX_PATH}:/home/accesslabros2/access_ws/install/orange:/opt/ros/humble /usr/bin/cmake --install /home/accesslabros2/access_ws/build/green
[0.876s] Level 1:colcon.colcon_core.environment:create_environment_scripts_only(green)
[0.876s] DEBUG:colcon.colcon_core.event_handler.log_command:Invoked command in '/home/accesslabros2/access_ws/build/green' returned '0': CMAKE_PREFIX_PATH=${CMAKE_PREFIX_PATH}:/home/accesslabros2/access_ws/install/orange:/opt/ros/humble /usr/bin/cmake --install /home/accesslabros2/access_ws/build/green
[0.883s] Level 1:colcon.colcon_core.environment:checking '/home/accesslabros2/access_ws/install/green' for CMake module files
[0.884s] Level 1:colcon.colcon_core.environment:checking '/home/accesslabros2/access_ws/install/green' for CMake config files
[0.884s] Level 1:colcon.colcon_core.shell:create_environment_hook('green', 'cmake_prefix_path')
[0.890s] INFO:colcon.colcon_core.shell:Creating environment hook '/home/accesslabros2/access_ws/install/green/share/green/hook/cmake_prefix_path.ps1'
[0.890s] INFO:colcon.colcon_core.shell:Creating environment descriptor '/home/accesslabros2/access_ws/install/green/share/green/hook/cmake_prefix_path.dsv'
[0.891s] INFO:colcon.colcon_core.shell:Creating environment hook '/home/accesslabros2/access_ws/install/green/share/green/hook/cmake_prefix_path.sh'
[0.891s] Level 1:colcon.colcon_core.environment:checking '/home/accesslabros2/access_ws/install/green/lib'
[0.891s] Level 1:colcon.colcon_core.environment:checking '/home/accesslabros2/access_ws/install/green/bin'
[0.891s] Level 1:colcon.colcon_core.environment:checking '/home/accesslabros2/access_ws/install/green/lib/pkgconfig/green.pc'
[0.891s] Level 1:colcon.colcon_core.environment:checking '/home/accesslabros2/access_ws/install/green/lib/python3.10/site-packages'
[0.891s] Level 1:colcon.colcon_core.environment:checking '/home/accesslabros2/access_ws/install/green/bin'
[0.897s] INFO:colcon.colcon_core.shell:Creating package script '/home/accesslabros2/access_ws/install/green/share/green/package.ps1'
[0.898s] INFO:colcon.colcon_core.shell:Creating package descriptor '/home/accesslabros2/access_ws/install/green/share/green/package.dsv'
[0.898s] INFO:colcon.colcon_core.shell:Creating package script '/home/accesslabros2/access_ws/install/green/share/green/package.sh'
[0.898s] INFO:colcon.colcon_core.shell:Creating package script '/home/accesslabros2/access_ws/install/green/share/green/package.bash'
[0.899s] INFO:colcon.colcon_core.shell:Creating package script '/home/accesslabros2/access_ws/install/green/share/green/package.zsh'
[0.899s] Level 1:colcon.colcon_core.environment:create_file_with_runtime_dependencies(/home/accesslabros2/access_ws/install/green/share/colcon-core/packages/green)
[0.922s] Level 1:colcon.colcon_core.environment:create_environment_scripts_only(green)
[0.928s] Level 1:colcon.colcon_core.environment:checking '/home/accesslabros2/access_ws/install/green' for CMake module files
[0.929s] Level 1:colcon.colcon_core.environment:checking '/home/accesslabros2/access_ws/install/green' for CMake config files
[0.929s] Level 1:colcon.colcon_core.shell:create_environment_hook('green', 'cmake_prefix_path')
[0.935s] INFO:colcon.colcon_core.shell:Creating environment hook '/home/accesslabros2/access_ws/install/green/share/green/hook/cmake_prefix_path.ps1'
[0.935s] INFO:colcon.colcon_core.shell:Creating environment descriptor '/home/accesslabros2/access_ws/install/green/share/green/hook/cmake_prefix_path.dsv'
[0.935s] INFO:colcon.colcon_core.shell:Creating environment hook '/home/accesslabros2/access_ws/install/green/share/green/hook/cmake_prefix_path.sh'
[0.935s] Level 1:colcon.colcon_core.environment:checking '/home/accesslabros2/access_ws/install/green/lib'
[0.935s] Level 1:colcon.colcon_core.environment:checking '/home/accesslabros2/access_ws/install/green/bin'
[0.935s] Level 1:colcon.colcon_core.environment:checking '/home/accesslabros2/access_ws/install/green/lib/pkgconfig/green.pc'
[0.936s] Level 1:colcon.colcon_core.environment:checking '/home/accesslabros2/access_ws/install/green/lib/python3.10/site-packages'
[0.936s] Level 1:colcon.colcon_core.environment:checking '/home/accesslabros2/access_ws/install/green/bin'
[0.942s] INFO:colcon.colcon_core.shell:Creating package script '/home/accesslabros2/access_ws/install/green/share/green/package.ps1'
[0.942s] INFO:colcon.colcon_core.shell:Creating package descriptor '/home/accesslabros2/access_ws/install/green/share/green/package.dsv'
[0.942s] INFO:colcon.colcon_core.shell:Creating package script '/home/accesslabros2/access_ws/install/green/share/green/package.sh'
[0.942s] INFO:colcon.colcon_core.shell:Creating package script '/home/accesslabros2/access_ws/install/green/share/green/package.bash'
[0.943s] INFO:colcon.colcon_core.shell:Creating package script '/home/accesslabros2/access_ws/install/green/share/green/package.zsh'
[0.943s] Level 1:colcon.colcon_core.environment:create_file_with_runtime_dependencies(/home/accesslabros2/access_ws/install/green/share/colcon-core/packages/green)
[1.022s] DEBUG:colcon.colcon_core.event_handler.log_command:Invoking command in '/home/accesslabros2/access_ws/src/orange': PYTHONPATH=/home/accesslabros2/access_ws/build/orange/prefix_override:/home/accesslabros2/access_ws/install/orange/lib/python3.10/site-packages:${PYTHONPATH} /usr/bin/python3 setup.py egg_info --egg-base ../../build/orange build --build-base /home/accesslabros2/access_ws/build/orange/build install --record /home/accesslabros2/access_ws/build/orange/install.log --single-version-externally-managed
[1.170s] DEBUG:colcon.colcon_core.event_handler.log_command:Invoked command in '/home/accesslabros2/access_ws/src/orange' returned '0': PYTHONPATH=/home/accesslabros2/access_ws/build/orange/prefix_override:/home/accesslabros2/access_ws/install/orange/lib/python3.10/site-packages:${PYTHONPATH} /usr/bin/python3 setup.py egg_info --egg-base ../../build/orange build --build-base /home/accesslabros2/access_ws/build/orange/build install --record /home/accesslabros2/access_ws/build/orange/install.log --single-version-externally-managed
[1.176s] Level 1:colcon.colcon_core.environment:checking '/home/accesslabros2/access_ws/install/orange' for CMake module files
[1.177s] Level 1:colcon.colcon_core.environment:checking '/home/accesslabros2/access_ws/install/orange' for CMake config files
[1.177s] Level 1:colcon.colcon_core.environment:checking '/home/accesslabros2/access_ws/install/orange/lib'
[1.177s] Level 1:colcon.colcon_core.environment:checking '/home/accesslabros2/access_ws/install/orange/bin'
[1.177s] Level 1:colcon.colcon_core.environment:checking '/home/accesslabros2/access_ws/install/orange/lib/pkgconfig/orange.pc'
[1.177s] Level 1:colcon.colcon_core.environment:checking '/home/accesslabros2/access_ws/install/orange/lib/python3.10/site-packages'
[1.177s] Level 1:colcon.colcon_core.shell:create_environment_hook('orange', 'pythonpath')
[1.183s] INFO:colcon.colcon_core.shell:Creating environment hook '/home/accesslabros2/access_ws/install/orange/share/orange/hook/pythonpath.ps1'
[1.183s] INFO:colcon.colcon_core.shell:Creating environment descriptor '/home/accesslabros2/access_ws/install/orange/share/orange/hook/pythonpath.dsv'
[1.184s] INFO:colcon.colcon_core.shell:Creating environment hook '/home/accesslabros2/access_ws/install/orange/share/orange/hook/pythonpath.sh'
[1.184s] Level 1:colcon.colcon_core.environment:checking '/home/accesslabros2/access_ws/install/orange/bin'
[1.184s] Level 1:colcon.colcon_core.environment:create_environment_scripts_only(orange)
[1.190s] INFO:colcon.colcon_core.shell:Creating package script '/home/accesslabros2/access_ws/install/orange/share/orange/package.ps1'
[1.190s] INFO:colcon.colcon_core.shell:Creating package descriptor '/home/accesslabros2/access_ws/install/orange/share/orange/package.dsv'
[1.190s] INFO:colcon.colcon_core.shell:Creating package script '/home/accesslabros2/access_ws/install/orange/share/orange/package.sh'
[1.191s] INFO:colcon.colcon_core.shell:Creating package script '/home/accesslabros2/access_ws/install/orange/share/orange/package.bash'
[1.191s] INFO:colcon.colcon_core.shell:Creating package script '/home/accesslabros2/access_ws/install/orange/share/orange/package.zsh'
[1.191s] Level 1:colcon.colcon_core.environment:create_file_with_runtime_dependencies(/home/accesslabros2/access_ws/install/orange/share/colcon-core/packages/orange)
[1.191s] INFO:colcon.colcon_ros.task.ament_cmake.build:Building ROS package in '/home/accesslabros2/access_ws/src/cpp_launch' with build type 'ament_cmake'
[1.191s] INFO:colcon.colcon_cmake.task.cmake.build:Building CMake package in '/home/accesslabros2/access_ws/src/cpp_launch'
[1.197s] INFO:colcon.colcon_core.shell:Skip shell extension 'powershell' for command environment: Not usable outside of PowerShell
[1.197s] DEBUG:colcon.colcon_core.shell:Skip shell extension 'dsv' for command environment
[1.220s] DEBUG:colcon.colcon_core.event_handler.log_command:Invoking command in '/home/accesslabros2/access_ws/build/cpp_launcher': AMENT_PREFIX_PATH=/home/accesslabros2/access_ws/install/orange:/home/accesslabros2/access_ws/install/cpp_launcher:/home/accesslabros2/access_ws/install/green:/opt/ros/humble CMAKE_PREFIX_PATH=/home/accesslabros2/access_ws/install/green:/home/accesslabros2/access_ws/install/cpp_launcher:/opt/intel/oneapi/tbb/2021.10.0/env/..:/opt/intel/oneapi/ipp/2021.9.0/lib/cmake/ipp:/opt/intel/oneapi/ipp/2021.9.0/lib/cmake/ipp:/opt/intel/oneapi/dnnl/2023.2.0/cpu_dpcpp_gpu_dpcpp/../lib/cmake:/opt/intel/oneapi/dal/2023.2.0:/opt/intel/oneapi/compiler/2023.2.1/linux/IntelDPCPP:/opt/intel/oneapi/ccl/2021.10.0/lib/cmake/oneCCL:/home/accesslabros2/access_ws/install/orange:/opt/ros/humble /usr/bin/cmake --build /home/accesslabros2/access_ws/build/cpp_launcher -- -j20 -l20
[1.244s] DEBUG:colcon.colcon_core.event_handler.log_command:Invoked command in '/home/accesslabros2/access_ws/build/cpp_launcher' returned '0': AMENT_PREFIX_PATH=/home/accesslabros2/access_ws/install/orange:/home/accesslabros2/access_ws/install/cpp_launcher:/home/accesslabros2/access_ws/install/green:/opt/ros/humble CMAKE_PREFIX_PATH=/home/accesslabros2/access_ws/install/green:/home/accesslabros2/access_ws/install/cpp_launcher:/opt/intel/oneapi/tbb/2021.10.0/env/..:/opt/intel/oneapi/ipp/2021.9.0/lib/cmake/ipp:/opt/intel/oneapi/ipp/2021.9.0/lib/cmake/ipp:/opt/intel/oneapi/dnnl/2023.2.0/cpu_dpcpp_gpu_dpcpp/../lib/cmake:/opt/intel/oneapi/dal/2023.2.0:/opt/intel/oneapi/compiler/2023.2.1/linux/IntelDPCPP:/opt/intel/oneapi/ccl/2021.10.0/lib/cmake/oneCCL:/home/accesslabros2/access_ws/install/orange:/opt/ros/humble /usr/bin/cmake --build /home/accesslabros2/access_ws/build/cpp_launcher -- -j20 -l20
[1.259s] DEBUG:colcon.colcon_core.event_handler.log_command:Invoking command in '/home/accesslabros2/access_ws/build/cpp_launcher': AMENT_PREFIX_PATH=/home/accesslabros2/access_ws/install/orange:/home/accesslabros2/access_ws/install/cpp_launcher:/home/accesslabros2/access_ws/install/green:/opt/ros/humble CMAKE_PREFIX_PATH=/home/accesslabros2/access_ws/install/green:/home/accesslabros2/access_ws/install/cpp_launcher:/opt/intel/oneapi/tbb/2021.10.0/env/..:/opt/intel/oneapi/ipp/2021.9.0/lib/cmake/ipp:/opt/intel/oneapi/ipp/2021.9.0/lib/cmake/ipp:/opt/intel/oneapi/dnnl/2023.2.0/cpu_dpcpp_gpu_dpcpp/../lib/cmake:/opt/intel/oneapi/dal/2023.2.0:/opt/intel/oneapi/compiler/2023.2.1/linux/IntelDPCPP:/opt/intel/oneapi/ccl/2021.10.0/lib/cmake/oneCCL:/home/accesslabros2/access_ws/install/orange:/opt/ros/humble /usr/bin/cmake --install /home/accesslabros2/access_ws/build/cpp_launcher
[1.269s] Level 1:colcon.colcon_core.environment:create_environment_scripts_only(cpp_launcher)
[1.269s] DEBUG:colcon.colcon_core.event_handler.log_command:Invoked command in '/home/accesslabros2/access_ws/build/cpp_launcher' returned '0': AMENT_PREFIX_PATH=/home/accesslabros2/access_ws/install/orange:/home/accesslabros2/access_ws/install/cpp_launcher:/home/accesslabros2/access_ws/install/green:/opt/ros/humble CMAKE_PREFIX_PATH=/home/accesslabros2/access_ws/install/green:/home/accesslabros2/access_ws/install/cpp_launcher:/opt/intel/oneapi/tbb/2021.10.0/env/..:/opt/intel/oneapi/ipp/2021.9.0/lib/cmake/ipp:/opt/intel/oneapi/ipp/2021.9.0/lib/cmake/ipp:/opt/intel/oneapi/dnnl/2023.2.0/cpu_dpcpp_gpu_dpcpp/../lib/cmake:/opt/intel/oneapi/dal/2023.2.0:/opt/intel/oneapi/compiler/2023.2.1/linux/IntelDPCPP:/opt/intel/oneapi/ccl/2021.10.0/lib/cmake/oneCCL:/home/accesslabros2/access_ws/install/orange:/opt/ros/humble /usr/bin/cmake --install /home/accesslabros2/access_ws/build/cpp_launcher
[1.284s] Level 1:colcon.colcon_core.environment:checking '/home/accesslabros2/access_ws/install/cpp_launcher' for CMake module files
[1.285s] Level 1:colcon.colcon_core.environment:checking '/home/accesslabros2/access_ws/install/cpp_launcher' for CMake config files
[1.285s] Level 1:colcon.colcon_core.shell:create_environment_hook('cpp_launcher', 'cmake_prefix_path')
[1.291s] INFO:colcon.colcon_core.shell:Creating environment hook '/home/accesslabros2/access_ws/install/cpp_launcher/share/cpp_launcher/hook/cmake_prefix_path.ps1'
[1.292s] INFO:colcon.colcon_core.shell:Creating environment descriptor '/home/accesslabros2/access_ws/install/cpp_launcher/share/cpp_launcher/hook/cmake_prefix_path.dsv'
[1.292s] INFO:colcon.colcon_core.shell:Creating environment hook '/home/accesslabros2/access_ws/install/cpp_launcher/share/cpp_launcher/hook/cmake_prefix_path.sh'
[1.292s] Level 1:colcon.colcon_core.environment:checking '/home/accesslabros2/access_ws/install/cpp_launcher/bin'
[1.292s] Level 1:colcon.colcon_core.environment:checking '/home/accesslabros2/access_ws/install/cpp_launcher/lib/pkgconfig/cpp_launcher.pc'
[1.292s] Level 1:colcon.colcon_core.environment:checking '/home/accesslabros2/access_ws/install/cpp_launcher/lib/python3.10/site-packages'
[1.292s] Level 1:colcon.colcon_core.environment:checking '/home/accesslabros2/access_ws/install/cpp_launcher/bin'
[1.298s] INFO:colcon.colcon_core.shell:Creating package script '/home/accesslabros2/access_ws/install/cpp_launcher/share/cpp_launcher/package.ps1'
[1.299s] INFO:colcon.colcon_core.shell:Creating package descriptor '/home/accesslabros2/access_ws/install/cpp_launcher/share/cpp_launcher/package.dsv'
[1.299s] INFO:colcon.colcon_core.shell:Creating package script '/home/accesslabros2/access_ws/install/cpp_launcher/share/cpp_launcher/package.sh'
[1.299s] INFO:colcon.colcon_core.shell:Creating package script '/home/accesslabros2/access_ws/install/cpp_launcher/share/cpp_launcher/package.bash'
[1.299s] INFO:colcon.colcon_core.shell:Creating package script '/home/accesslabros2/access_ws/install/cpp_launcher/share/cpp_launcher/package.zsh'
[1.299s] Level 1:colcon.colcon_core.environment:create_file_with_runtime_dependencies(/home/accesslabros2/access_ws/install/cpp_launcher/share/colcon-core/packages/cpp_launcher)
[1.321s] Level 1:colcon.colcon_core.environment:create_environment_scripts_only(cpp_launcher)
[1.329s] Level 1:colcon.colcon_core.environment:checking '/home/accesslabros2/access_ws/install/cpp_launcher' for CMake module files
[1.329s] Level 1:colcon.colcon_core.environment:checking '/home/accesslabros2/access_ws/install/cpp_launcher' for CMake config files
[1.329s] Level 1:colcon.colcon_core.shell:create_environment_hook('cpp_launcher', 'cmake_prefix_path')
[1.335s] INFO:colcon.colcon_core.shell:Creating environment hook '/home/accesslabros2/access_ws/install/cpp_launcher/share/cpp_launcher/hook/cmake_prefix_path.ps1'
[1.335s] INFO:colcon.colcon_core.shell:Creating environment descriptor '/home/accesslabros2/access_ws/install/cpp_launcher/share/cpp_launcher/hook/cmake_prefix_path.dsv'
[1.335s] INFO:colcon.colcon_core.shell:Creating environment hook '/home/accesslabros2/access_ws/install/cpp_launcher/share/cpp_launcher/hook/cmake_prefix_path.sh'
[1.336s] Level 1:colcon.colcon_core.environment:checking '/home/accesslabros2/access_ws/install/cpp_launcher/bin'
[1.336s] Level 1:colcon.colcon_core.environment:checking '/home/accesslabros2/access_ws/install/cpp_launcher/lib/pkgconfig/cpp_launcher.pc'
[1.336s] Level 1:colcon.colcon_core.environment:checking '/home/accesslabros2/access_ws/install/cpp_launcher/lib/python3.10/site-packages'
[1.336s] Level 1:colcon.colcon_core.environment:checking '/home/accesslabros2/access_ws/install/cpp_launcher/bin'
[1.342s] INFO:colcon.colcon_core.shell:Creating package script '/home/accesslabros2/access_ws/install/cpp_launcher/share/cpp_launcher/package.ps1'
[1.342s] INFO:colcon.colcon_core.shell:Creating package descriptor '/home/accesslabros2/access_ws/install/cpp_launcher/share/cpp_launcher/package.dsv'
[1.342s] INFO:colcon.colcon_core.shell:Creating package script '/home/accesslabros2/access_ws/install/cpp_launcher/share/cpp_launcher/package.sh'
[1.342s] INFO:colcon.colcon_core.shell:Creating package script '/home/accesslabros2/access_ws/install/cpp_launcher/share/cpp_launcher/package.bash'
[1.343s] INFO:colcon.colcon_core.shell:Creating package script '/home/accesslabros2/access_ws/install/cpp_launcher/share/cpp_launcher/package.zsh'
[1.343s] Level 1:colcon.colcon_core.environment:create_file_with_runtime_dependencies(/home/accesslabros2/access_ws/install/cpp_launcher/share/colcon-core/packages/cpp_launcher)
[1.343s] DEBUG:colcon.colcon_parallel_executor.executor.parallel:closing loop
[1.343s] DEBUG:colcon.colcon_parallel_executor.executor.parallel:loop closed
[1.343s] DEBUG:colcon.colcon_parallel_executor.executor.parallel:run_until_complete finished with '0'
[1.343s] DEBUG:colcon.colcon_core.event_reactor:joining thread
[1.352s] INFO:colcon.colcon_core.plugin_system:Skipping extension 'colcon_notification.desktop_notification.terminal_notifier': Not used on non-Darwin systems
[1.352s] INFO:colcon.colcon_core.plugin_system:Skipping extension 'colcon_notification.desktop_notification.win32': Not used on non-Windows systems
[1.352s] INFO:colcon.colcon_notification.desktop_notification:Sending desktop notification using 'notify2'
[1.363s] DEBUG:colcon.colcon_core.event_reactor:joined thread
[1.373s] INFO:colcon.colcon_core.shell:Creating prefix script '/home/accesslabros2/access_ws/install/local_setup.ps1'
[1.374s] INFO:colcon.colcon_core.shell:Creating prefix util module '/home/accesslabros2/access_ws/install/_local_setup_util_ps1.py'
[1.374s] INFO:colcon.colcon_core.shell:Creating prefix chain script '/home/accesslabros2/access_ws/install/setup.ps1'
[1.381s] INFO:colcon.colcon_core.shell:Creating prefix script '/home/accesslabros2/access_ws/install/local_setup.sh'
[1.381s] INFO:colcon.colcon_core.shell:Creating prefix util module '/home/accesslabros2/access_ws/install/_local_setup_util_sh.py'
[1.381s] INFO:colcon.colcon_core.shell:Creating prefix chain script '/home/accesslabros2/access_ws/install/setup.sh'
[1.388s] INFO:colcon.colcon_core.shell:Creating prefix script '/home/accesslabros2/access_ws/install/local_setup.bash'
[1.388s] INFO:colcon.colcon_core.shell:Creating prefix chain script '/home/accesslabros2/access_ws/install/setup.bash'
[1.394s] INFO:colcon.colcon_core.shell:Creating prefix script '/home/accesslabros2/access_ws/install/local_setup.zsh'
[1.394s] INFO:colcon.colcon_core.shell:Creating prefix chain script '/home/accesslabros2/access_ws/install/setup.zsh'
