[0.453s] DEBUG:colcon:Command line arguments: ['/usr/bin/colcon', 'build']
[0.453s] DEBUG:colcon:Parsed command line arguments: Namespace(log_base=None, log_level=None, verb_name='build', build_base='build', install_base='install', merge_install=False, symlink_install=False, test_result_base=None, continue_on_error=False, executor='parallel', parallel_workers=20, event_handlers=None, ignore_user_meta=False, metas=['./colcon.meta'], base_paths=['.'], packages_ignore=None, packages_ignore_regex=None, paths=None, packages_up_to=None, packages_up_to_regex=None, packages_above=None, packages_above_and_dependencies=None, packages_above_depth=None, packages_select_by_dep=None, packages_skip_by_dep=None, packages_skip_up_to=None, packages_select_build_failed=False, packages_skip_build_finished=False, packages_select_test_failures=False, packages_skip_test_passed=False, packages_select=None, packages_skip=None, packages_select_regex=None, packages_skip_regex=None, packages_start=None, packages_end=None, allow_overriding=[], cmake_args=None, cmake_target=None, cmake_target_skip_unavailable=False, cmake_clean_cache=False, cmake_clean_first=False, cmake_force_configure=False, ament_cmake_args=None, catkin_cmake_args=None, catkin_skip_building_tests=False, verb_parser=<colcon_defaults.argument_parser.defaults.DefaultArgumentsDecorator object at 0x7ffa3276e4a0>, verb_extension=<colcon_core.verb.build.BuildVerb object at 0x7ffa3276d990>, main=<bound method BuildVerb.main of <colcon_core.verb.build.BuildVerb object at 0x7ffa3276d990>>)
[0.481s] Level 1:colcon.colcon_core.package_discovery:discover_packages(colcon_meta) check parameters
[0.481s] Level 1:colcon.colcon_core.package_discovery:discover_packages(recursive) check parameters
[0.481s] Level 1:colcon.colcon_core.package_discovery:discover_packages(ignore) check parameters
[0.481s] Level 1:colcon.colcon_core.package_discovery:discover_packages(path) check parameters
[0.481s] Level 1:colcon.colcon_core.package_discovery:discover_packages(colcon_meta) discover
[0.481s] Level 1:colcon.colcon_core.package_discovery:discover_packages(recursive) discover
[0.481s] INFO:colcon.colcon_core.package_discovery:Crawling recursively for packages in '/home/accesslabros2/access_ws'
[0.481s] Level 1:colcon.colcon_core.package_identification:_identify(.) by extensions ['ignore', 'ignore_ament_install']
[0.481s] Level 1:colcon.colcon_core.package_identification:_identify(.) by extension 'ignore'
[0.481s] Level 1:colcon.colcon_core.package_identification:_identify(.) by extension 'ignore_ament_install'
[0.481s] Level 1:colcon.colcon_core.package_identification:_identify(.) by extensions ['colcon_pkg']
[0.481s] Level 1:colcon.colcon_core.package_identification:_identify(.) by extension 'colcon_pkg'
[0.481s] Level 1:colcon.colcon_core.package_identification:_identify(.) by extensions ['colcon_meta']
[0.481s] Level 1:colcon.colcon_core.package_identification:_identify(.) by extension 'colcon_meta'
[0.481s] Level 1:colcon.colcon_core.package_identification:_identify(.) by extensions ['ros']
[0.481s] Level 1:colcon.colcon_core.package_identification:_identify(.) by extension 'ros'
[0.487s] Level 1:colcon.colcon_core.package_identification:_identify(.) by extensions ['cmake', 'python']
[0.487s] Level 1:colcon.colcon_core.package_identification:_identify(.) by extension 'cmake'
[0.487s] Level 1:colcon.colcon_core.package_identification:_identify(.) by extension 'python'
[0.487s] Level 1:colcon.colcon_core.package_identification:_identify(.) by extensions ['python_setup_py']
[0.487s] Level 1:colcon.colcon_core.package_identification:_identify(.) by extension 'python_setup_py'
[0.487s] Level 1:colcon.colcon_core.package_identification:_identify(build) by extensions ['ignore', 'ignore_ament_install']
[0.487s] Level 1:colcon.colcon_core.package_identification:_identify(build) by extension 'ignore'
[0.487s] Level 1:colcon.colcon_core.package_identification:_identify(build) ignored
[0.487s] Level 1:colcon.colcon_core.package_identification:_identify(install) by extensions ['ignore', 'ignore_ament_install']
[0.487s] Level 1:colcon.colcon_core.package_identification:_identify(install) by extension 'ignore'
[0.487s] Level 1:colcon.colcon_core.package_identification:_identify(install) ignored
[0.487s] Level 1:colcon.colcon_core.package_identification:_identify(log) by extensions ['ignore', 'ignore_ament_install']
[0.487s] Level 1:colcon.colcon_core.package_identification:_identify(log) by extension 'ignore'
[0.487s] Level 1:colcon.colcon_core.package_identification:_identify(log) ignored
[0.487s] Level 1:colcon.colcon_core.package_identification:_identify(src) by extensions ['ignore', 'ignore_ament_install']
[0.487s] Level 1:colcon.colcon_core.package_identification:_identify(src) by extension 'ignore'
[0.487s] Level 1:colcon.colcon_core.package_identification:_identify(src) by extension 'ignore_ament_install'
[0.487s] Level 1:colcon.colcon_core.package_identification:_identify(src) by extensions ['colcon_pkg']
[0.487s] Level 1:colcon.colcon_core.package_identification:_identify(src) by extension 'colcon_pkg'
[0.487s] Level 1:colcon.colcon_core.package_identification:_identify(src) by extensions ['colcon_meta']
[0.487s] Level 1:colcon.colcon_core.package_identification:_identify(src) by extension 'colcon_meta'
[0.487s] Level 1:colcon.colcon_core.package_identification:_identify(src) by extensions ['ros']
[0.487s] Level 1:colcon.colcon_core.package_identification:_identify(src) by extension 'ros'
[0.487s] Level 1:colcon.colcon_core.package_identification:_identify(src) by extensions ['cmake', 'python']
[0.487s] Level 1:colcon.colcon_core.package_identification:_identify(src) by extension 'cmake'
[0.487s] Level 1:colcon.colcon_core.package_identification:_identify(src) by extension 'python'
[0.487s] Level 1:colcon.colcon_core.package_identification:_identify(src) by extensions ['python_setup_py']
[0.487s] Level 1:colcon.colcon_core.package_identification:_identify(src) by extension 'python_setup_py'
[0.487s] Level 1:colcon.colcon_core.package_identification:_identify(src/cpp_launch) by extensions ['ignore', 'ignore_ament_install']
[0.488s] Level 1:colcon.colcon_core.package_identification:_identify(src/cpp_launch) by extension 'ignore'
[0.488s] Level 1:colcon.colcon_core.package_identification:_identify(src/cpp_launch) by extension 'ignore_ament_install'
[0.488s] Level 1:colcon.colcon_core.package_identification:_identify(src/cpp_launch) by extensions ['colcon_pkg']
[0.488s] Level 1:colcon.colcon_core.package_identification:_identify(src/cpp_launch) by extension 'colcon_pkg'
[0.488s] Level 1:colcon.colcon_core.package_identification:_identify(src/cpp_launch) by extensions ['colcon_meta']
[0.488s] Level 1:colcon.colcon_core.package_identification:_identify(src/cpp_launch) by extension 'colcon_meta'
[0.488s] Level 1:colcon.colcon_core.package_identification:_identify(src/cpp_launch) by extensions ['ros']
[0.488s] Level 1:colcon.colcon_core.package_identification:_identify(src/cpp_launch) by extension 'ros'
[0.490s] DEBUG:colcon.colcon_core.package_identification:Package 'src/cpp_launch' with type 'ros.ament_cmake' and name 'cpp_launcher'
[0.490s] Level 1:colcon.colcon_core.package_identification:_identify(src/green) by extensions ['ignore', 'ignore_ament_install']
[0.490s] Level 1:colcon.colcon_core.package_identification:_identify(src/green) by extension 'ignore'
[0.490s] Level 1:colcon.colcon_core.package_identification:_identify(src/green) by extension 'ignore_ament_install'
[0.490s] Level 1:colcon.colcon_core.package_identification:_identify(src/green) by extensions ['colcon_pkg']
[0.490s] Level 1:colcon.colcon_core.package_identification:_identify(src/green) by extension 'colcon_pkg'
[0.490s] Level 1:colcon.colcon_core.package_identification:_identify(src/green) by extensions ['colcon_meta']
[0.490s] Level 1:colcon.colcon_core.package_identification:_identify(src/green) by extension 'colcon_meta'
[0.490s] Level 1:colcon.colcon_core.package_identification:_identify(src/green) by extensions ['ros']
[0.490s] Level 1:colcon.colcon_core.package_identification:_identify(src/green) by extension 'ros'
[0.490s] DEBUG:colcon.colcon_core.package_identification:Package 'src/green' with type 'ros.ament_cmake' and name 'green'
[0.490s] Level 1:colcon.colcon_core.package_identification:_identify(src/orange) by extensions ['ignore', 'ignore_ament_install']
[0.490s] Level 1:colcon.colcon_core.package_identification:_identify(src/orange) by extension 'ignore'
[0.490s] Level 1:colcon.colcon_core.package_identification:_identify(src/orange) by extension 'ignore_ament_install'
[0.490s] Level 1:colcon.colcon_core.package_identification:_identify(src/orange) by extensions ['colcon_pkg']
[0.490s] Level 1:colcon.colcon_core.package_identification:_identify(src/orange) by extension 'colcon_pkg'
[0.490s] Level 1:colcon.colcon_core.package_identification:_identify(src/orange) by extensions ['colcon_meta']
[0.490s] Level 1:colcon.colcon_core.package_identification:_identify(src/orange) by extension 'colcon_meta'
[0.490s] Level 1:colcon.colcon_core.package_identification:_identify(src/orange) by extensions ['ros']
[0.490s] Level 1:colcon.colcon_core.package_identification:_identify(src/orange) by extension 'ros'
[0.491s] DEBUG:colcon.colcon_core.package_identification:Package 'src/orange' with type 'ros.ament_python' and name 'orange'
[0.491s] Level 1:colcon.colcon_core.package_discovery:discover_packages(recursive) using defaults
[0.491s] Level 1:colcon.colcon_core.package_discovery:discover_packages(ignore) discover
[0.491s] Level 1:colcon.colcon_core.package_discovery:discover_packages(ignore) using defaults
[0.491s] Level 1:colcon.colcon_core.package_discovery:discover_packages(path) discover
[0.491s] Level 1:colcon.colcon_core.package_discovery:discover_packages(path) using defaults
[0.533s] Level 1:colcon.colcon_core.package_discovery:discover_packages(prefix_path) check parameters
[0.533s] Level 1:colcon.colcon_core.package_discovery:discover_packages(prefix_path) discover
[0.547s] DEBUG:colcon.colcon_installed_package_information.package_discovery:Found 276 installed packages in /opt/ros/humble
[0.548s] Level 1:colcon.colcon_core.package_discovery:discover_packages(prefix_path) using defaults
[0.592s] Level 5:colcon.colcon_core.verb:set package 'green' build argument 'cmake_args' from command line to 'None'
[0.592s] Level 5:colcon.colcon_core.verb:set package 'green' build argument 'cmake_target' from command line to 'None'
[0.592s] Level 5:colcon.colcon_core.verb:set package 'green' build argument 'cmake_target_skip_unavailable' from command line to 'False'
[0.592s] Level 5:colcon.colcon_core.verb:set package 'green' build argument 'cmake_clean_cache' from command line to 'False'
[0.592s] Level 5:colcon.colcon_core.verb:set package 'green' build argument 'cmake_clean_first' from command line to 'False'
[0.592s] Level 5:colcon.colcon_core.verb:set package 'green' build argument 'cmake_force_configure' from command line to 'False'
[0.592s] Level 5:colcon.colcon_core.verb:set package 'green' build argument 'ament_cmake_args' from command line to 'None'
[0.592s] Level 5:colcon.colcon_core.verb:set package 'green' build argument 'catkin_cmake_args' from command line to 'None'
[0.592s] Level 5:colcon.colcon_core.verb:set package 'green' build argument 'catkin_skip_building_tests' from command line to 'False'
[0.592s] DEBUG:colcon.colcon_core.verb:Building package 'green' with the following arguments: {'ament_cmake_args': None, 'build_base': '/home/accesslabros2/access_ws/build/green', 'catkin_cmake_args': None, 'catkin_skip_building_tests': False, 'cmake_args': None, 'cmake_clean_cache': False, 'cmake_clean_first': False, 'cmake_force_configure': False, 'cmake_target': None, 'cmake_target_skip_unavailable': False, 'install_base': '/home/accesslabros2/access_ws/install/green', 'merge_install': False, 'path': '/home/accesslabros2/access_ws/src/green', 'symlink_install': False, 'test_result_base': None}
[0.598s] Level 5:colcon.colcon_core.verb:set package 'orange' build argument 'cmake_args' from command line to 'None'
[0.598s] Level 5:colcon.colcon_core.verb:set package 'orange' build argument 'cmake_target' from command line to 'None'
[0.598s] Level 5:colcon.colcon_core.verb:set package 'orange' build argument 'cmake_target_skip_unavailable' from command line to 'False'
[0.598s] Level 5:colcon.colcon_core.verb:set package 'orange' build argument 'cmake_clean_cache' from command line to 'False'
[0.598s] Level 5:colcon.colcon_core.verb:set package 'orange' build argument 'cmake_clean_first' from command line to 'False'
[0.598s] Level 5:colcon.colcon_core.verb:set package 'orange' build argument 'cmake_force_configure' from command line to 'False'
[0.598s] Level 5:colcon.colcon_core.verb:set package 'orange' build argument 'ament_cmake_args' from command line to 'None'
[0.598s] Level 5:colcon.colcon_core.verb:set package 'orange' build argument 'catkin_cmake_args' from command line to 'None'
[0.598s] Level 5:colcon.colcon_core.verb:set package 'orange' build argument 'catkin_skip_building_tests' from command line to 'False'
[0.598s] DEBUG:colcon.colcon_core.verb:Building package 'orange' with the following arguments: {'ament_cmake_args': None, 'build_base': '/home/accesslabros2/access_ws/build/orange', 'catkin_cmake_args': None, 'catkin_skip_building_tests': False, 'cmake_args': None, 'cmake_clean_cache': False, 'cmake_clean_first': False, 'cmake_force_configure': False, 'cmake_target': None, 'cmake_target_skip_unavailable': False, 'install_base': '/home/accesslabros2/access_ws/install/orange', 'merge_install': False, 'path': '/home/accesslabros2/access_ws/src/orange', 'symlink_install': False, 'test_result_base': None}
[0.605s] Level 5:colcon.colcon_core.verb:set package 'cpp_launcher' build argument 'cmake_args' from command line to 'None'
[0.605s] Level 5:colcon.colcon_core.verb:set package 'cpp_launcher' build argument 'cmake_target' from command line to 'None'
[0.605s] Level 5:colcon.colcon_core.verb:set package 'cpp_launcher' build argument 'cmake_target_skip_unavailable' from command line to 'False'
[0.605s] Level 5:colcon.colcon_core.verb:set package 'cpp_launcher' build argument 'cmake_clean_cache' from command line to 'False'
[0.605s] Level 5:colcon.colcon_core.verb:set package 'cpp_launcher' build argument 'cmake_clean_first' from command line to 'False'
[0.605s] Level 5:colcon.colcon_core.verb:set package 'cpp_launcher' build argument 'cmake_force_configure' from command line to 'False'
[0.605s] Level 5:colcon.colcon_core.verb:set package 'cpp_launcher' build argument 'ament_cmake_args' from command line to 'None'
[0.605s] Level 5:colcon.colcon_core.verb:set package 'cpp_launcher' build argument 'catkin_cmake_args' from command line to 'None'
[0.605s] Level 5:colcon.colcon_core.verb:set package 'cpp_launcher' build argument 'catkin_skip_building_tests' from command line to 'False'
[0.605s] DEBUG:colcon.colcon_core.verb:Building package 'cpp_launcher' with the following arguments: {'ament_cmake_args': None, 'build_base': '/home/accesslabros2/access_ws/build/cpp_launcher', 'catkin_cmake_args': None, 'catkin_skip_building_tests': False, 'cmake_args': None, 'cmake_clean_cache': False, 'cmake_clean_first': False, 'cmake_force_configure': False, 'cmake_target': None, 'cmake_target_skip_unavailable': False, 'install_base': '/home/accesslabros2/access_ws/install/cpp_launcher', 'merge_install': False, 'path': '/home/accesslabros2/access_ws/src/cpp_launch', 'symlink_install': False, 'test_result_base': None}
[0.611s] INFO:colcon.colcon_core.executor:Executing jobs using 'parallel' executor
[0.617s] DEBUG:colcon.colcon_parallel_executor.executor.parallel:run_until_complete
[0.617s] INFO:colcon.colcon_ros.task.ament_cmake.build:Building ROS package in '/home/accesslabros2/access_ws/src/green' with build type 'ament_cmake'
[0.617s] INFO:colcon.colcon_cmake.task.cmake.build:Building CMake package in '/home/accesslabros2/access_ws/src/green'
[0.625s] INFO:colcon.colcon_core.plugin_system:Skipping extension 'colcon_core.shell.bat': Not used on non-Windows systems
[0.625s] INFO:colcon.colcon_core.shell:Skip shell extension 'powershell' for command environment: Not usable outside of PowerShell
[0.625s] DEBUG:colcon.colcon_core.shell:Skip shell extension 'dsv' for command environment
[0.639s] INFO:colcon.colcon_ros.task.ament_python.build:Building ROS package in '/home/accesslabros2/access_ws/src/orange' with build type 'ament_python'
[0.639s] Level 1:colcon.colcon_core.shell:create_environment_hook('orange', 'ament_prefix_path')
[0.646s] INFO:colcon.colcon_core.shell:Creating environment hook '/home/accesslabros2/access_ws/install/orange/share/orange/hook/ament_prefix_path.ps1'
[0.647s] INFO:colcon.colcon_core.shell:Creating environment descriptor '/home/accesslabros2/access_ws/install/orange/share/orange/hook/ament_prefix_path.dsv'
[0.647s] INFO:colcon.colcon_core.shell:Creating environment hook '/home/accesslabros2/access_ws/install/orange/share/orange/hook/ament_prefix_path.sh'
[0.654s] INFO:colcon.colcon_core.shell:Skip shell extension 'powershell' for command environment: Not usable outside of PowerShell
[0.654s] DEBUG:colcon.colcon_core.shell:Skip shell extension 'dsv' for command environment
[0.670s] DEBUG:colcon.colcon_core.event_handler.log_command:Invoking command in '/home/accesslabros2/access_ws/build/green': CMAKE_PREFIX_PATH=${CMAKE_PREFIX_PATH}:/opt/ros/humble /usr/bin/cmake /home/accesslabros2/access_ws/src/green -DCMAKE_INSTALL_PREFIX=/home/accesslabros2/access_ws/install/green
[0.802s] INFO:colcon.colcon_core.task.python.build:Building Python package in '/home/accesslabros2/access_ws/src/orange'
[0.809s] INFO:colcon.colcon_core.shell:Skip shell extension 'powershell' for command environment: Not usable outside of PowerShell
[0.809s] DEBUG:colcon.colcon_core.shell:Skip shell extension 'dsv' for command environment
[1.020s] DEBUG:colcon.colcon_core.event_handler.log_command:Invoking command in '/home/accesslabros2/access_ws/src/orange': PYTHONPATH=/home/accesslabros2/access_ws/build/orange/prefix_override:/home/accesslabros2/access_ws/install/orange/lib/python3.10/site-packages:${PYTHONPATH} /usr/bin/python3 setup.py egg_info --egg-base ../../build/orange build --build-base /home/accesslabros2/access_ws/build/orange/build install --record /home/accesslabros2/access_ws/build/orange/install.log --single-version-externally-managed
[1.169s] DEBUG:colcon.colcon_core.event_handler.log_command:Invoked command in '/home/accesslabros2/access_ws/src/orange' returned '0': PYTHONPATH=/home/accesslabros2/access_ws/build/orange/prefix_override:/home/accesslabros2/access_ws/install/orange/lib/python3.10/site-packages:${PYTHONPATH} /usr/bin/python3 setup.py egg_info --egg-base ../../build/orange build --build-base /home/accesslabros2/access_ws/build/orange/build install --record /home/accesslabros2/access_ws/build/orange/install.log --single-version-externally-managed
[1.180s] Level 1:colcon.colcon_core.environment:checking '/home/accesslabros2/access_ws/install/orange' for CMake module files
[1.180s] Level 1:colcon.colcon_core.environment:checking '/home/accesslabros2/access_ws/install/orange' for CMake config files
[1.181s] Level 1:colcon.colcon_core.environment:checking '/home/accesslabros2/access_ws/install/orange/lib'
[1.181s] Level 1:colcon.colcon_core.environment:checking '/home/accesslabros2/access_ws/install/orange/bin'
[1.181s] Level 1:colcon.colcon_core.environment:checking '/home/accesslabros2/access_ws/install/orange/lib/pkgconfig/orange.pc'
[1.181s] Level 1:colcon.colcon_core.environment:checking '/home/accesslabros2/access_ws/install/orange/lib/python3.10/site-packages'
[1.181s] Level 1:colcon.colcon_core.shell:create_environment_hook('orange', 'pythonpath')
[1.187s] INFO:colcon.colcon_core.shell:Creating environment hook '/home/accesslabros2/access_ws/install/orange/share/orange/hook/pythonpath.ps1'
[1.187s] INFO:colcon.colcon_core.shell:Creating environment descriptor '/home/accesslabros2/access_ws/install/orange/share/orange/hook/pythonpath.dsv'
[1.188s] INFO:colcon.colcon_core.shell:Creating environment hook '/home/accesslabros2/access_ws/install/orange/share/orange/hook/pythonpath.sh'
[1.188s] Level 1:colcon.colcon_core.environment:checking '/home/accesslabros2/access_ws/install/orange/bin'
[1.188s] Level 1:colcon.colcon_core.environment:create_environment_scripts_only(orange)
[1.194s] INFO:colcon.colcon_core.shell:Creating package script '/home/accesslabros2/access_ws/install/orange/share/orange/package.ps1'
[1.195s] INFO:colcon.colcon_core.shell:Creating package descriptor '/home/accesslabros2/access_ws/install/orange/share/orange/package.dsv'
[1.195s] INFO:colcon.colcon_core.shell:Creating package script '/home/accesslabros2/access_ws/install/orange/share/orange/package.sh'
[1.196s] INFO:colcon.colcon_core.shell:Creating package script '/home/accesslabros2/access_ws/install/orange/share/orange/package.bash'
[1.197s] INFO:colcon.colcon_core.shell:Creating package script '/home/accesslabros2/access_ws/install/orange/share/orange/package.zsh'
[1.197s] Level 1:colcon.colcon_core.environment:create_file_with_runtime_dependencies(/home/accesslabros2/access_ws/install/orange/share/colcon-core/packages/orange)
[1.547s] DEBUG:colcon.colcon_core.event_handler.log_command:Invoked command in '/home/accesslabros2/access_ws/build/green' returned '0': CMAKE_PREFIX_PATH=${CMAKE_PREFIX_PATH}:/opt/ros/humble /usr/bin/cmake /home/accesslabros2/access_ws/src/green -DCMAKE_INSTALL_PREFIX=/home/accesslabros2/access_ws/install/green
[1.548s] DEBUG:colcon.colcon_core.event_handler.log_command:Invoking command in '/home/accesslabros2/access_ws/build/green': CMAKE_PREFIX_PATH=${CMAKE_PREFIX_PATH}:/opt/ros/humble /usr/bin/cmake --build /home/accesslabros2/access_ws/build/green -- -j20 -l20
[6.476s] DEBUG:colcon.colcon_core.event_handler.log_command:Invoked command in '/home/accesslabros2/access_ws/build/green' returned '0': CMAKE_PREFIX_PATH=${CMAKE_PREFIX_PATH}:/opt/ros/humble /usr/bin/cmake --build /home/accesslabros2/access_ws/build/green -- -j20 -l20
[6.518s] DEBUG:colcon.colcon_core.event_handler.log_command:Invoking command in '/home/accesslabros2/access_ws/build/green': CMAKE_PREFIX_PATH=${CMAKE_PREFIX_PATH}:/opt/ros/humble /usr/bin/cmake --install /home/accesslabros2/access_ws/build/green
[6.532s] Level 1:colcon.colcon_core.environment:create_environment_scripts_only(green)
[6.533s] DEBUG:colcon.colcon_core.event_handler.log_command:Invoked command in '/home/accesslabros2/access_ws/build/green' returned '0': CMAKE_PREFIX_PATH=${CMAKE_PREFIX_PATH}:/opt/ros/humble /usr/bin/cmake --install /home/accesslabros2/access_ws/build/green
[6.548s] Level 1:colcon.colcon_core.environment:checking '/home/accesslabros2/access_ws/install/green' for CMake module files
[6.549s] Level 1:colcon.colcon_core.environment:checking '/home/accesslabros2/access_ws/install/green' for CMake config files
[6.549s] Level 1:colcon.colcon_core.shell:create_environment_hook('green', 'cmake_prefix_path')
[6.557s] INFO:colcon.colcon_core.shell:Creating environment hook '/home/accesslabros2/access_ws/install/green/share/green/hook/cmake_prefix_path.ps1'
[6.557s] INFO:colcon.colcon_core.shell:Creating environment descriptor '/home/accesslabros2/access_ws/install/green/share/green/hook/cmake_prefix_path.dsv'
[6.557s] INFO:colcon.colcon_core.shell:Creating environment hook '/home/accesslabros2/access_ws/install/green/share/green/hook/cmake_prefix_path.sh'
[6.557s] Level 1:colcon.colcon_core.environment:checking '/home/accesslabros2/access_ws/install/green/lib'
[6.557s] Level 1:colcon.colcon_core.environment:checking '/home/accesslabros2/access_ws/install/green/bin'
[6.557s] Level 1:colcon.colcon_core.environment:checking '/home/accesslabros2/access_ws/install/green/lib/pkgconfig/green.pc'
[6.557s] Level 1:colcon.colcon_core.environment:checking '/home/accesslabros2/access_ws/install/green/lib/python3.10/site-packages'
[6.557s] Level 1:colcon.colcon_core.environment:checking '/home/accesslabros2/access_ws/install/green/bin'
[6.564s] INFO:colcon.colcon_core.shell:Creating package script '/home/accesslabros2/access_ws/install/green/share/green/package.ps1'
[6.564s] INFO:colcon.colcon_core.shell:Creating package descriptor '/home/accesslabros2/access_ws/install/green/share/green/package.dsv'
[6.564s] INFO:colcon.colcon_core.shell:Creating package script '/home/accesslabros2/access_ws/install/green/share/green/package.sh'
[6.564s] INFO:colcon.colcon_core.shell:Creating package script '/home/accesslabros2/access_ws/install/green/share/green/package.bash'
[6.564s] INFO:colcon.colcon_core.shell:Creating package script '/home/accesslabros2/access_ws/install/green/share/green/package.zsh'
[6.565s] Level 1:colcon.colcon_core.environment:create_file_with_runtime_dependencies(/home/accesslabros2/access_ws/install/green/share/colcon-core/packages/green)
[6.592s] Level 1:colcon.colcon_core.environment:create_environment_scripts_only(green)
[6.602s] Level 1:colcon.colcon_core.environment:checking '/home/accesslabros2/access_ws/install/green' for CMake module files
[6.602s] Level 1:colcon.colcon_core.environment:checking '/home/accesslabros2/access_ws/install/green' for CMake config files
[6.602s] Level 1:colcon.colcon_core.shell:create_environment_hook('green', 'cmake_prefix_path')
[6.608s] INFO:colcon.colcon_core.shell:Creating environment hook '/home/accesslabros2/access_ws/install/green/share/green/hook/cmake_prefix_path.ps1'
[6.608s] INFO:colcon.colcon_core.shell:Creating environment descriptor '/home/accesslabros2/access_ws/install/green/share/green/hook/cmake_prefix_path.dsv'
[6.608s] INFO:colcon.colcon_core.shell:Creating environment hook '/home/accesslabros2/access_ws/install/green/share/green/hook/cmake_prefix_path.sh'
[6.609s] Level 1:colcon.colcon_core.environment:checking '/home/accesslabros2/access_ws/install/green/lib'
[6.609s] Level 1:colcon.colcon_core.environment:checking '/home/accesslabros2/access_ws/install/green/bin'
[6.609s] Level 1:colcon.colcon_core.environment:checking '/home/accesslabros2/access_ws/install/green/lib/pkgconfig/green.pc'
[6.609s] Level 1:colcon.colcon_core.environment:checking '/home/accesslabros2/access_ws/install/green/lib/python3.10/site-packages'
[6.609s] Level 1:colcon.colcon_core.environment:checking '/home/accesslabros2/access_ws/install/green/bin'
[6.615s] INFO:colcon.colcon_core.shell:Creating package script '/home/accesslabros2/access_ws/install/green/share/green/package.ps1'
[6.615s] INFO:colcon.colcon_core.shell:Creating package descriptor '/home/accesslabros2/access_ws/install/green/share/green/package.dsv'
[6.615s] INFO:colcon.colcon_core.shell:Creating package script '/home/accesslabros2/access_ws/install/green/share/green/package.sh'
[6.616s] INFO:colcon.colcon_core.shell:Creating package script '/home/accesslabros2/access_ws/install/green/share/green/package.bash'
[6.616s] INFO:colcon.colcon_core.shell:Creating package script '/home/accesslabros2/access_ws/install/green/share/green/package.zsh'
[6.616s] Level 1:colcon.colcon_core.environment:create_file_with_runtime_dependencies(/home/accesslabros2/access_ws/install/green/share/colcon-core/packages/green)
[6.616s] INFO:colcon.colcon_ros.task.ament_cmake.build:Building ROS package in '/home/accesslabros2/access_ws/src/cpp_launch' with build type 'ament_cmake'
[6.616s] INFO:colcon.colcon_cmake.task.cmake.build:Building CMake package in '/home/accesslabros2/access_ws/src/cpp_launch'
[6.623s] INFO:colcon.colcon_core.shell:Skip shell extension 'powershell' for command environment: Not usable outside of PowerShell
[6.623s] DEBUG:colcon.colcon_core.shell:Skip shell extension 'dsv' for command environment
[6.640s] DEBUG:colcon.colcon_core.event_handler.log_command:Invoking command in '/home/accesslabros2/access_ws/build/cpp_launcher': AMENT_PREFIX_PATH=/home/accesslabros2/access_ws/install/orange:/home/accesslabros2/access_ws/install/green:${AMENT_PREFIX_PATH} CMAKE_PREFIX_PATH=/home/accesslabros2/access_ws/install/green:/opt/intel/oneapi/tbb/2021.10.0/env/..:/opt/intel/oneapi/ipp/2021.9.0/lib/cmake/ipp:/opt/intel/oneapi/ipp/2021.9.0/lib/cmake/ipp:/opt/intel/oneapi/dnnl/2023.2.0/cpu_dpcpp_gpu_dpcpp/../lib/cmake:/opt/intel/oneapi/dal/2023.2.0:/opt/intel/oneapi/compiler/2023.2.1/linux/IntelDPCPP:/opt/intel/oneapi/ccl/2021.10.0/lib/cmake/oneCCL:/opt/ros/humble PYTHONPATH=/home/accesslabros2/access_ws/install/orange/lib/python3.10/site-packages:${PYTHONPATH} /usr/bin/cmake /home/accesslabros2/access_ws/src/cpp_launch -DCMAKE_INSTALL_PREFIX=/home/accesslabros2/access_ws/install/cpp_launcher
[7.144s] DEBUG:colcon.colcon_core.event_handler.log_command:Invoked command in '/home/accesslabros2/access_ws/build/cpp_launcher' returned '0': AMENT_PREFIX_PATH=/home/accesslabros2/access_ws/install/orange:/home/accesslabros2/access_ws/install/green:${AMENT_PREFIX_PATH} CMAKE_PREFIX_PATH=/home/accesslabros2/access_ws/install/green:/opt/intel/oneapi/tbb/2021.10.0/env/..:/opt/intel/oneapi/ipp/2021.9.0/lib/cmake/ipp:/opt/intel/oneapi/ipp/2021.9.0/lib/cmake/ipp:/opt/intel/oneapi/dnnl/2023.2.0/cpu_dpcpp_gpu_dpcpp/../lib/cmake:/opt/intel/oneapi/dal/2023.2.0:/opt/intel/oneapi/compiler/2023.2.1/linux/IntelDPCPP:/opt/intel/oneapi/ccl/2021.10.0/lib/cmake/oneCCL:/opt/ros/humble PYTHONPATH=/home/accesslabros2/access_ws/install/orange/lib/python3.10/site-packages:${PYTHONPATH} /usr/bin/cmake /home/accesslabros2/access_ws/src/cpp_launch -DCMAKE_INSTALL_PREFIX=/home/accesslabros2/access_ws/install/cpp_launcher
[7.146s] DEBUG:colcon.colcon_core.event_handler.log_command:Invoking command in '/home/accesslabros2/access_ws/build/cpp_launcher': AMENT_PREFIX_PATH=/home/accesslabros2/access_ws/install/orange:/home/accesslabros2/access_ws/install/green:${AMENT_PREFIX_PATH} CMAKE_PREFIX_PATH=/home/accesslabros2/access_ws/install/green:/opt/intel/oneapi/tbb/2021.10.0/env/..:/opt/intel/oneapi/ipp/2021.9.0/lib/cmake/ipp:/opt/intel/oneapi/ipp/2021.9.0/lib/cmake/ipp:/opt/intel/oneapi/dnnl/2023.2.0/cpu_dpcpp_gpu_dpcpp/../lib/cmake:/opt/intel/oneapi/dal/2023.2.0:/opt/intel/oneapi/compiler/2023.2.1/linux/IntelDPCPP:/opt/intel/oneapi/ccl/2021.10.0/lib/cmake/oneCCL:/opt/ros/humble PYTHONPATH=/home/accesslabros2/access_ws/install/orange/lib/python3.10/site-packages:${PYTHONPATH} /usr/bin/cmake --build /home/accesslabros2/access_ws/build/cpp_launcher -- -j20 -l20
[7.202s] DEBUG:colcon.colcon_core.event_handler.log_command:Invoked command in '/home/accesslabros2/access_ws/build/cpp_launcher' returned '0': AMENT_PREFIX_PATH=/home/accesslabros2/access_ws/install/orange:/home/accesslabros2/access_ws/install/green:${AMENT_PREFIX_PATH} CMAKE_PREFIX_PATH=/home/accesslabros2/access_ws/install/green:/opt/intel/oneapi/tbb/2021.10.0/env/..:/opt/intel/oneapi/ipp/2021.9.0/lib/cmake/ipp:/opt/intel/oneapi/ipp/2021.9.0/lib/cmake/ipp:/opt/intel/oneapi/dnnl/2023.2.0/cpu_dpcpp_gpu_dpcpp/../lib/cmake:/opt/intel/oneapi/dal/2023.2.0:/opt/intel/oneapi/compiler/2023.2.1/linux/IntelDPCPP:/opt/intel/oneapi/ccl/2021.10.0/lib/cmake/oneCCL:/opt/ros/humble PYTHONPATH=/home/accesslabros2/access_ws/install/orange/lib/python3.10/site-packages:${PYTHONPATH} /usr/bin/cmake --build /home/accesslabros2/access_ws/build/cpp_launcher -- -j20 -l20
[7.234s] DEBUG:colcon.colcon_core.event_handler.log_command:Invoking command in '/home/accesslabros2/access_ws/build/cpp_launcher': AMENT_PREFIX_PATH=/home/accesslabros2/access_ws/install/orange:/home/accesslabros2/access_ws/install/green:${AMENT_PREFIX_PATH} CMAKE_PREFIX_PATH=/home/accesslabros2/access_ws/install/green:/opt/intel/oneapi/tbb/2021.10.0/env/..:/opt/intel/oneapi/ipp/2021.9.0/lib/cmake/ipp:/opt/intel/oneapi/ipp/2021.9.0/lib/cmake/ipp:/opt/intel/oneapi/dnnl/2023.2.0/cpu_dpcpp_gpu_dpcpp/../lib/cmake:/opt/intel/oneapi/dal/2023.2.0:/opt/intel/oneapi/compiler/2023.2.1/linux/IntelDPCPP:/opt/intel/oneapi/ccl/2021.10.0/lib/cmake/oneCCL:/opt/ros/humble PYTHONPATH=/home/accesslabros2/access_ws/install/orange/lib/python3.10/site-packages:${PYTHONPATH} /usr/bin/cmake --install /home/accesslabros2/access_ws/build/cpp_launcher
[7.242s] Level 1:colcon.colcon_core.environment:create_environment_scripts_only(cpp_launcher)
[7.243s] DEBUG:colcon.colcon_core.event_handler.log_command:Invoked command in '/home/accesslabros2/access_ws/build/cpp_launcher' returned '0': AMENT_PREFIX_PATH=/home/accesslabros2/access_ws/install/orange:/home/accesslabros2/access_ws/install/green:${AMENT_PREFIX_PATH} CMAKE_PREFIX_PATH=/home/accesslabros2/access_ws/install/green:/opt/intel/oneapi/tbb/2021.10.0/env/..:/opt/intel/oneapi/ipp/2021.9.0/lib/cmake/ipp:/opt/intel/oneapi/ipp/2021.9.0/lib/cmake/ipp:/opt/intel/oneapi/dnnl/2023.2.0/cpu_dpcpp_gpu_dpcpp/../lib/cmake:/opt/intel/oneapi/dal/2023.2.0:/opt/intel/oneapi/compiler/2023.2.1/linux/IntelDPCPP:/opt/intel/oneapi/ccl/2021.10.0/lib/cmake/oneCCL:/opt/ros/humble PYTHONPATH=/home/accesslabros2/access_ws/install/orange/lib/python3.10/site-packages:${PYTHONPATH} /usr/bin/cmake --install /home/accesslabros2/access_ws/build/cpp_launcher
[7.257s] Level 1:colcon.colcon_core.environment:checking '/home/accesslabros2/access_ws/install/cpp_launcher' for CMake module files
[7.258s] Level 1:colcon.colcon_core.environment:checking '/home/accesslabros2/access_ws/install/cpp_launcher' for CMake config files
[7.258s] Level 1:colcon.colcon_core.shell:create_environment_hook('cpp_launcher', 'cmake_prefix_path')
[7.268s] INFO:colcon.colcon_core.shell:Creating environment hook '/home/accesslabros2/access_ws/install/cpp_launcher/share/cpp_launcher/hook/cmake_prefix_path.ps1'
[7.268s] INFO:colcon.colcon_core.shell:Creating environment descriptor '/home/accesslabros2/access_ws/install/cpp_launcher/share/cpp_launcher/hook/cmake_prefix_path.dsv'
[7.268s] INFO:colcon.colcon_core.shell:Creating environment hook '/home/accesslabros2/access_ws/install/cpp_launcher/share/cpp_launcher/hook/cmake_prefix_path.sh'
[7.269s] Level 1:colcon.colcon_core.environment:checking '/home/accesslabros2/access_ws/install/cpp_launcher/bin'
[7.269s] Level 1:colcon.colcon_core.environment:checking '/home/accesslabros2/access_ws/install/cpp_launcher/lib/pkgconfig/cpp_launcher.pc'
[7.269s] Level 1:colcon.colcon_core.environment:checking '/home/accesslabros2/access_ws/install/cpp_launcher/lib/python3.10/site-packages'
[7.270s] Level 1:colcon.colcon_core.environment:checking '/home/accesslabros2/access_ws/install/cpp_launcher/bin'
[7.280s] INFO:colcon.colcon_core.shell:Creating package script '/home/accesslabros2/access_ws/install/cpp_launcher/share/cpp_launcher/package.ps1'
[7.281s] INFO:colcon.colcon_core.shell:Creating package descriptor '/home/accesslabros2/access_ws/install/cpp_launcher/share/cpp_launcher/package.dsv'
[7.281s] INFO:colcon.colcon_core.shell:Creating package script '/home/accesslabros2/access_ws/install/cpp_launcher/share/cpp_launcher/package.sh'
[7.281s] INFO:colcon.colcon_core.shell:Creating package script '/home/accesslabros2/access_ws/install/cpp_launcher/share/cpp_launcher/package.bash'
[7.281s] INFO:colcon.colcon_core.shell:Creating package script '/home/accesslabros2/access_ws/install/cpp_launcher/share/cpp_launcher/package.zsh'
[7.281s] Level 1:colcon.colcon_core.environment:create_file_with_runtime_dependencies(/home/accesslabros2/access_ws/install/cpp_launcher/share/colcon-core/packages/cpp_launcher)
[7.312s] Level 1:colcon.colcon_core.environment:create_environment_scripts_only(cpp_launcher)
[7.319s] Level 1:colcon.colcon_core.environment:checking '/home/accesslabros2/access_ws/install/cpp_launcher' for CMake module files
[7.319s] Level 1:colcon.colcon_core.environment:checking '/home/accesslabros2/access_ws/install/cpp_launcher' for CMake config files
[7.319s] Level 1:colcon.colcon_core.shell:create_environment_hook('cpp_launcher', 'cmake_prefix_path')
[7.325s] INFO:colcon.colcon_core.shell:Creating environment hook '/home/accesslabros2/access_ws/install/cpp_launcher/share/cpp_launcher/hook/cmake_prefix_path.ps1'
[7.325s] INFO:colcon.colcon_core.shell:Creating environment descriptor '/home/accesslabros2/access_ws/install/cpp_launcher/share/cpp_launcher/hook/cmake_prefix_path.dsv'
[7.326s] INFO:colcon.colcon_core.shell:Creating environment hook '/home/accesslabros2/access_ws/install/cpp_launcher/share/cpp_launcher/hook/cmake_prefix_path.sh'
[7.326s] Level 1:colcon.colcon_core.environment:checking '/home/accesslabros2/access_ws/install/cpp_launcher/bin'
[7.326s] Level 1:colcon.colcon_core.environment:checking '/home/accesslabros2/access_ws/install/cpp_launcher/lib/pkgconfig/cpp_launcher.pc'
[7.326s] Level 1:colcon.colcon_core.environment:checking '/home/accesslabros2/access_ws/install/cpp_launcher/lib/python3.10/site-packages'
[7.326s] Level 1:colcon.colcon_core.environment:checking '/home/accesslabros2/access_ws/install/cpp_launcher/bin'
[7.332s] INFO:colcon.colcon_core.shell:Creating package script '/home/accesslabros2/access_ws/install/cpp_launcher/share/cpp_launcher/package.ps1'
[7.332s] INFO:colcon.colcon_core.shell:Creating package descriptor '/home/accesslabros2/access_ws/install/cpp_launcher/share/cpp_launcher/package.dsv'
[7.332s] INFO:colcon.colcon_core.shell:Creating package script '/home/accesslabros2/access_ws/install/cpp_launcher/share/cpp_launcher/package.sh'
[7.333s] INFO:colcon.colcon_core.shell:Creating package script '/home/accesslabros2/access_ws/install/cpp_launcher/share/cpp_launcher/package.bash'
[7.333s] INFO:colcon.colcon_core.shell:Creating package script '/home/accesslabros2/access_ws/install/cpp_launcher/share/cpp_launcher/package.zsh'
[7.333s] Level 1:colcon.colcon_core.environment:create_file_with_runtime_dependencies(/home/accesslabros2/access_ws/install/cpp_launcher/share/colcon-core/packages/cpp_launcher)
[7.333s] DEBUG:colcon.colcon_parallel_executor.executor.parallel:closing loop
[7.333s] DEBUG:colcon.colcon_parallel_executor.executor.parallel:loop closed
[7.333s] DEBUG:colcon.colcon_parallel_executor.executor.parallel:run_until_complete finished with '0'
[7.334s] DEBUG:colcon.colcon_core.event_reactor:joining thread
[7.344s] INFO:colcon.colcon_core.plugin_system:Skipping extension 'colcon_notification.desktop_notification.terminal_notifier': Not used on non-Darwin systems
[7.344s] INFO:colcon.colcon_core.plugin_system:Skipping extension 'colcon_notification.desktop_notification.win32': Not used on non-Windows systems
[7.344s] INFO:colcon.colcon_notification.desktop_notification:Sending desktop notification using 'notify2'
[7.355s] DEBUG:colcon.colcon_core.event_reactor:joined thread
[7.367s] INFO:colcon.colcon_core.shell:Creating prefix script '/home/accesslabros2/access_ws/install/local_setup.ps1'
[7.368s] INFO:colcon.colcon_core.shell:Creating prefix util module '/home/accesslabros2/access_ws/install/_local_setup_util_ps1.py'
[7.368s] INFO:colcon.colcon_core.shell:Creating prefix chain script '/home/accesslabros2/access_ws/install/setup.ps1'
[7.375s] INFO:colcon.colcon_core.shell:Creating prefix script '/home/accesslabros2/access_ws/install/local_setup.sh'
[7.375s] INFO:colcon.colcon_core.shell:Creating prefix util module '/home/accesslabros2/access_ws/install/_local_setup_util_sh.py'
[7.376s] INFO:colcon.colcon_core.shell:Creating prefix chain script '/home/accesslabros2/access_ws/install/setup.sh'
[7.382s] INFO:colcon.colcon_core.shell:Creating prefix script '/home/accesslabros2/access_ws/install/local_setup.bash'
[7.383s] INFO:colcon.colcon_core.shell:Creating prefix chain script '/home/accesslabros2/access_ws/install/setup.bash'
[7.389s] INFO:colcon.colcon_core.shell:Creating prefix script '/home/accesslabros2/access_ws/install/local_setup.zsh'
[7.390s] INFO:colcon.colcon_core.shell:Creating prefix chain script '/home/accesslabros2/access_ws/install/setup.zsh'
