[0.023s] Invoking command in '/home/accesslabros2/access_ws/build/cpp_launcher': AMENT_PREFIX_PATH=/home/accesslabros2/access_ws/install/orange:/home/accesslabros2/access_ws/install/green:${AMENT_PREFIX_PATH} CMAKE_PREFIX_PATH=/home/accesslabros2/access_ws/install/green:/opt/intel/oneapi/tbb/2021.10.0/env/..:/opt/intel/oneapi/ipp/2021.9.0/lib/cmake/ipp:/opt/intel/oneapi/ipp/2021.9.0/lib/cmake/ipp:/opt/intel/oneapi/dnnl/2023.2.0/cpu_dpcpp_gpu_dpcpp/../lib/cmake:/opt/intel/oneapi/dal/2023.2.0:/opt/intel/oneapi/compiler/2023.2.1/linux/IntelDPCPP:/opt/intel/oneapi/ccl/2021.10.0/lib/cmake/oneCCL:/opt/ros/humble PYTHONPATH=/home/accesslabros2/access_ws/install/orange/lib/python3.10/site-packages:${PYTHONPATH} /usr/bin/cmake /home/accesslabros2/access_ws/src/cpp_launch -DCMAKE_INSTALL_PREFIX=/home/accesslabros2/access_ws/install/cpp_launcher
[0.069s] -- The C compiler identification is GNU 11.4.0
[0.125s] -- The CXX compiler identification is GNU 11.4.0
[0.134s] -- Detecting C compiler ABI info
[0.200s] -- Detecting C compiler ABI info - done
[0.212s] -- Check for working C compiler: /usr/bin/gcc - skipped
[0.213s] -- Detecting C compile features
[0.213s] -- Detecting C compile features - done
[0.216s] -- Detecting CXX compiler ABI info
[0.297s] -- Detecting CXX compiler ABI info - done
[0.301s] -- Check for working CXX compiler: /usr/bin/g++ - skipped
[0.302s] -- Detecting CXX compile features
[0.302s] -- Detecting CXX compile features - done
[0.303s] -- Found ament_cmake: 1.3.5 (/opt/ros/humble/share/ament_cmake/cmake)
[0.403s] -- Found Python3: /usr/bin/python3.10 (found version "3.10.12") found components: Interpreter 
[0.449s] -- Found ament_lint_auto: 0.12.8 (/opt/ros/humble/share/ament_lint_auto/cmake)
[0.510s] -- Added test 'flake8' to check Python code syntax and style conventions
[0.511s] -- Added test 'lint_cmake' to check CMake code style
[0.512s] -- Added test 'pep257' to check Python code against some of the docstring style conventions in PEP 257
[0.513s] -- Added test 'xmllint' to check XML markup files
[0.514s] -- Configuring done
[0.519s] -- Generating done
[0.521s] -- Build files have been written to: /home/accesslabros2/access_ws/build/cpp_launcher
[0.527s] Invoked command in '/home/accesslabros2/access_ws/build/cpp_launcher' returned '0': AMENT_PREFIX_PATH=/home/accesslabros2/access_ws/install/orange:/home/accesslabros2/access_ws/install/green:${AMENT_PREFIX_PATH} CMAKE_PREFIX_PATH=/home/accesslabros2/access_ws/install/green:/opt/intel/oneapi/tbb/2021.10.0/env/..:/opt/intel/oneapi/ipp/2021.9.0/lib/cmake/ipp:/opt/intel/oneapi/ipp/2021.9.0/lib/cmake/ipp:/opt/intel/oneapi/dnnl/2023.2.0/cpu_dpcpp_gpu_dpcpp/../lib/cmake:/opt/intel/oneapi/dal/2023.2.0:/opt/intel/oneapi/compiler/2023.2.1/linux/IntelDPCPP:/opt/intel/oneapi/ccl/2021.10.0/lib/cmake/oneCCL:/opt/ros/humble PYTHONPATH=/home/accesslabros2/access_ws/install/orange/lib/python3.10/site-packages:${PYTHONPATH} /usr/bin/cmake /home/accesslabros2/access_ws/src/cpp_launch -DCMAKE_INSTALL_PREFIX=/home/accesslabros2/access_ws/install/cpp_launcher
[0.529s] Invoking command in '/home/accesslabros2/access_ws/build/cpp_launcher': AMENT_PREFIX_PATH=/home/accesslabros2/access_ws/install/orange:/home/accesslabros2/access_ws/install/green:${AMENT_PREFIX_PATH} CMAKE_PREFIX_PATH=/home/accesslabros2/access_ws/install/green:/opt/intel/oneapi/tbb/2021.10.0/env/..:/opt/intel/oneapi/ipp/2021.9.0/lib/cmake/ipp:/opt/intel/oneapi/ipp/2021.9.0/lib/cmake/ipp:/opt/intel/oneapi/dnnl/2023.2.0/cpu_dpcpp_gpu_dpcpp/../lib/cmake:/opt/intel/oneapi/dal/2023.2.0:/opt/intel/oneapi/compiler/2023.2.1/linux/IntelDPCPP:/opt/intel/oneapi/ccl/2021.10.0/lib/cmake/oneCCL:/opt/ros/humble PYTHONPATH=/home/accesslabros2/access_ws/install/orange/lib/python3.10/site-packages:${PYTHONPATH} /usr/bin/cmake --build /home/accesslabros2/access_ws/build/cpp_launcher -- -j20 -l20
[0.585s] Invoked command in '/home/accesslabros2/access_ws/build/cpp_launcher' returned '0': AMENT_PREFIX_PATH=/home/accesslabros2/access_ws/install/orange:/home/accesslabros2/access_ws/install/green:${AMENT_PREFIX_PATH} CMAKE_PREFIX_PATH=/home/accesslabros2/access_ws/install/green:/opt/intel/oneapi/tbb/2021.10.0/env/..:/opt/intel/oneapi/ipp/2021.9.0/lib/cmake/ipp:/opt/intel/oneapi/ipp/2021.9.0/lib/cmake/ipp:/opt/intel/oneapi/dnnl/2023.2.0/cpu_dpcpp_gpu_dpcpp/../lib/cmake:/opt/intel/oneapi/dal/2023.2.0:/opt/intel/oneapi/compiler/2023.2.1/linux/IntelDPCPP:/opt/intel/oneapi/ccl/2021.10.0/lib/cmake/oneCCL:/opt/ros/humble PYTHONPATH=/home/accesslabros2/access_ws/install/orange/lib/python3.10/site-packages:${PYTHONPATH} /usr/bin/cmake --build /home/accesslabros2/access_ws/build/cpp_launcher -- -j20 -l20
[0.617s] Invoking command in '/home/accesslabros2/access_ws/build/cpp_launcher': AMENT_PREFIX_PATH=/home/accesslabros2/access_ws/install/orange:/home/accesslabros2/access_ws/install/green:${AMENT_PREFIX_PATH} CMAKE_PREFIX_PATH=/home/accesslabros2/access_ws/install/green:/opt/intel/oneapi/tbb/2021.10.0/env/..:/opt/intel/oneapi/ipp/2021.9.0/lib/cmake/ipp:/opt/intel/oneapi/ipp/2021.9.0/lib/cmake/ipp:/opt/intel/oneapi/dnnl/2023.2.0/cpu_dpcpp_gpu_dpcpp/../lib/cmake:/opt/intel/oneapi/dal/2023.2.0:/opt/intel/oneapi/compiler/2023.2.1/linux/IntelDPCPP:/opt/intel/oneapi/ccl/2021.10.0/lib/cmake/oneCCL:/opt/ros/humble PYTHONPATH=/home/accesslabros2/access_ws/install/orange/lib/python3.10/site-packages:${PYTHONPATH} /usr/bin/cmake --install /home/accesslabros2/access_ws/build/cpp_launcher
[0.624s] -- Install configuration: ""
[0.624s] -- Installing: /home/accesslabros2/access_ws/install/cpp_launcher/share/cpp_launcher/launch
[0.624s] -- Installing: /home/accesslabros2/access_ws/install/cpp_launcher/share/cpp_launcher/launch/launch.py
[0.624s] -- Installing: /home/accesslabros2/access_ws/install/cpp_launcher/share/ament_index/resource_index/package_run_dependencies/cpp_launcher
[0.624s] -- Installing: /home/accesslabros2/access_ws/install/cpp_launcher/share/ament_index/resource_index/parent_prefix_path/cpp_launcher
[0.624s] -- Installing: /home/accesslabros2/access_ws/install/cpp_launcher/share/cpp_launcher/environment/ament_prefix_path.sh
[0.625s] -- Installing: /home/accesslabros2/access_ws/install/cpp_launcher/share/cpp_launcher/environment/ament_prefix_path.dsv
[0.625s] -- Installing: /home/accesslabros2/access_ws/install/cpp_launcher/share/cpp_launcher/environment/path.sh
[0.625s] -- Installing: /home/accesslabros2/access_ws/install/cpp_launcher/share/cpp_launcher/environment/path.dsv
[0.625s] -- Installing: /home/accesslabros2/access_ws/install/cpp_launcher/share/cpp_launcher/local_setup.bash
[0.625s] -- Installing: /home/accesslabros2/access_ws/install/cpp_launcher/share/cpp_launcher/local_setup.sh
[0.625s] -- Installing: /home/accesslabros2/access_ws/install/cpp_launcher/share/cpp_launcher/local_setup.zsh
[0.625s] -- Installing: /home/accesslabros2/access_ws/install/cpp_launcher/share/cpp_launcher/local_setup.dsv
[0.625s] -- Installing: /home/accesslabros2/access_ws/install/cpp_launcher/share/cpp_launcher/package.dsv
[0.625s] -- Installing: /home/accesslabros2/access_ws/install/cpp_launcher/share/ament_index/resource_index/packages/cpp_launcher
[0.625s] -- Installing: /home/accesslabros2/access_ws/install/cpp_launcher/share/cpp_launcher/cmake/cpp_launcherConfig.cmake
[0.625s] -- Installing: /home/accesslabros2/access_ws/install/cpp_launcher/share/cpp_launcher/cmake/cpp_launcherConfig-version.cmake
[0.625s] -- Installing: /home/accesslabros2/access_ws/install/cpp_launcher/share/cpp_launcher/package.xml
[0.626s] Invoked command in '/home/accesslabros2/access_ws/build/cpp_launcher' returned '0': AMENT_PREFIX_PATH=/home/accesslabros2/access_ws/install/orange:/home/accesslabros2/access_ws/install/green:${AMENT_PREFIX_PATH} CMAKE_PREFIX_PATH=/home/accesslabros2/access_ws/install/green:/opt/intel/oneapi/tbb/2021.10.0/env/..:/opt/intel/oneapi/ipp/2021.9.0/lib/cmake/ipp:/opt/intel/oneapi/ipp/2021.9.0/lib/cmake/ipp:/opt/intel/oneapi/dnnl/2023.2.0/cpu_dpcpp_gpu_dpcpp/../lib/cmake:/opt/intel/oneapi/dal/2023.2.0:/opt/intel/oneapi/compiler/2023.2.1/linux/IntelDPCPP:/opt/intel/oneapi/ccl/2021.10.0/lib/cmake/oneCCL:/opt/ros/humble PYTHONPATH=/home/accesslabros2/access_ws/install/orange/lib/python3.10/site-packages:${PYTHONPATH} /usr/bin/cmake --install /home/accesslabros2/access_ws/build/cpp_launcher
