-- The C compiler identification is GNU 11.4.0
-- The CXX compiler identification is GNU 11.4.0
-- Detecting C compiler ABI info
-- Detecting C compiler ABI info - done
-- Check for working C compiler: /usr/bin/gcc - skipped
-- Detecting C compile features
-- Detecting C compile features - done
-- Detecting CXX compiler ABI info
-- Detecting CXX compiler ABI info - done
-- Check for working CXX compiler: /usr/bin/g++ - skipped
-- Detecting CXX compile features
-- Detecting CXX compile features - done
-- Found ament_cmake: 1.3.5 (/opt/ros/humble/share/ament_cmake/cmake)
-- Found Python3: /usr/bin/python3.10 (found version "3.10.12") found components: Interpreter 
-- Found ament_lint_auto: 0.12.8 (/opt/ros/humble/share/ament_lint_auto/cmake)
-- Added test 'flake8' to check Python code syntax and style conventions
-- Added test 'lint_cmake' to check CMake code style
-- Added test 'pep257' to check Python code against some of the docstring style conventions in PEP 257
-- Added test 'xmllint' to check XML markup files
-- Configuring done
-- Generating done
-- Build files have been written to: /home/accesslabros2/access_ws/build/cpp_launch
-- Install configuration: ""
-- Installing: /home/accesslabros2/access_ws/install/cpp_launch/share/cpp_launch/launch
-- Installing: /home/accesslabros2/access_ws/install/cpp_launch/share/cpp_launch/launch/launch.py
-- Installing: /home/accesslabros2/access_ws/install/cpp_launch/share/ament_index/resource_index/package_run_dependencies/cpp_launch
-- Installing: /home/accesslabros2/access_ws/install/cpp_launch/share/ament_index/resource_index/parent_prefix_path/cpp_launch
-- Installing: /home/accesslabros2/access_ws/install/cpp_launch/share/cpp_launch/environment/ament_prefix_path.sh
-- Installing: /home/accesslabros2/access_ws/install/cpp_launch/share/cpp_launch/environment/ament_prefix_path.dsv
-- Installing: /home/accesslabros2/access_ws/install/cpp_launch/share/cpp_launch/environment/path.sh
-- Installing: /home/accesslabros2/access_ws/install/cpp_launch/share/cpp_launch/environment/path.dsv
-- Installing: /home/accesslabros2/access_ws/install/cpp_launch/share/cpp_launch/local_setup.bash
-- Installing: /home/accesslabros2/access_ws/install/cpp_launch/share/cpp_launch/local_setup.sh
-- Installing: /home/accesslabros2/access_ws/install/cpp_launch/share/cpp_launch/local_setup.zsh
-- Installing: /home/accesslabros2/access_ws/install/cpp_launch/share/cpp_launch/local_setup.dsv
-- Installing: /home/accesslabros2/access_ws/install/cpp_launch/share/cpp_launch/package.dsv
-- Installing: /home/accesslabros2/access_ws/install/cpp_launch/share/ament_index/resource_index/packages/cpp_launch
-- Installing: /home/accesslabros2/access_ws/install/cpp_launch/share/cpp_launch/cmake/cpp_launchConfig.cmake
-- Installing: /home/accesslabros2/access_ws/install/cpp_launch/share/cpp_launch/cmake/cpp_launchConfig-version.cmake
-- Installing: /home/accesslabros2/access_ws/install/cpp_launch/share/cpp_launch/package.xml
