[0.030s] Invoking command in '/home/accesslabros2/access_ws/build/cpp_launch': AMENT_PREFIX_PATH=/home/accesslabros2/access_ws/install/orange:/home/accesslabros2/access_ws/install/cpp_launcher:/home/accesslabros2/access_ws/install/green:/opt/ros/humble CMAKE_PREFIX_PATH=/home/accesslabros2/access_ws/install/green:/home/accesslabros2/access_ws/install/cpp_launcher:/opt/intel/oneapi/tbb/2021.10.0/env/..:/opt/intel/oneapi/ipp/2021.9.0/lib/cmake/ipp:/opt/intel/oneapi/ipp/2021.9.0/lib/cmake/ipp:/opt/intel/oneapi/dnnl/2023.2.0/cpu_dpcpp_gpu_dpcpp/../lib/cmake:/opt/intel/oneapi/dal/2023.2.0:/opt/intel/oneapi/compiler/2023.2.1/linux/IntelDPCPP:/opt/intel/oneapi/ccl/2021.10.0/lib/cmake/oneCCL:/home/accesslabros2/access_ws/install/orange:/opt/ros/humble /usr/bin/cmake /home/accesslabros2/access_ws/src/cpp_launch -DCMAKE_INSTALL_PREFIX=/home/accesslabros2/access_ws/install/cpp_launch
[0.064s] -- The C compiler identification is GNU 11.4.0
[0.118s] -- The CXX compiler identification is GNU 11.4.0
[0.123s] -- Detecting C compiler ABI info
[0.197s] -- Detecting C compiler ABI info - done
[0.207s] -- Check for working C compiler: /usr/bin/gcc - skipped
[0.207s] -- Detecting C compile features
[0.208s] -- Detecting C compile features - done
[0.211s] -- Detecting CXX compiler ABI info
[0.308s] -- Detecting CXX compiler ABI info - done
[0.314s] -- Check for working CXX compiler: /usr/bin/g++ - skipped
[0.314s] -- Detecting CXX compile features
[0.314s] -- Detecting CXX compile features - done
[0.316s] -- Found ament_cmake: 1.3.5 (/opt/ros/humble/share/ament_cmake/cmake)
[0.416s] -- Found Python3: /usr/bin/python3.10 (found version "3.10.12") found components: Interpreter 
[0.465s] -- Found ament_lint_auto: 0.12.8 (/opt/ros/humble/share/ament_lint_auto/cmake)
[0.510s] -- Added test 'flake8' to check Python code syntax and style conventions
[0.510s] -- Added test 'lint_cmake' to check CMake code style
[0.510s] -- Added test 'pep257' to check Python code against some of the docstring style conventions in PEP 257
[0.511s] -- Added test 'xmllint' to check XML markup files
[0.511s] -- Configuring done
[0.512s] -- Generating done
[0.513s] -- Build files have been written to: /home/accesslabros2/access_ws/build/cpp_launch
[0.515s] Invoked command in '/home/accesslabros2/access_ws/build/cpp_launch' returned '0': AMENT_PREFIX_PATH=/home/accesslabros2/access_ws/install/orange:/home/accesslabros2/access_ws/install/cpp_launcher:/home/accesslabros2/access_ws/install/green:/opt/ros/humble CMAKE_PREFIX_PATH=/home/accesslabros2/access_ws/install/green:/home/accesslabros2/access_ws/install/cpp_launcher:/opt/intel/oneapi/tbb/2021.10.0/env/..:/opt/intel/oneapi/ipp/2021.9.0/lib/cmake/ipp:/opt/intel/oneapi/ipp/2021.9.0/lib/cmake/ipp:/opt/intel/oneapi/dnnl/2023.2.0/cpu_dpcpp_gpu_dpcpp/../lib/cmake:/opt/intel/oneapi/dal/2023.2.0:/opt/intel/oneapi/compiler/2023.2.1/linux/IntelDPCPP:/opt/intel/oneapi/ccl/2021.10.0/lib/cmake/oneCCL:/home/accesslabros2/access_ws/install/orange:/opt/ros/humble /usr/bin/cmake /home/accesslabros2/access_ws/src/cpp_launch -DCMAKE_INSTALL_PREFIX=/home/accesslabros2/access_ws/install/cpp_launch
[0.516s] Invoking command in '/home/accesslabros2/access_ws/build/cpp_launch': AMENT_PREFIX_PATH=/home/accesslabros2/access_ws/install/orange:/home/accesslabros2/access_ws/install/cpp_launcher:/home/accesslabros2/access_ws/install/green:/opt/ros/humble CMAKE_PREFIX_PATH=/home/accesslabros2/access_ws/install/green:/home/accesslabros2/access_ws/install/cpp_launcher:/opt/intel/oneapi/tbb/2021.10.0/env/..:/opt/intel/oneapi/ipp/2021.9.0/lib/cmake/ipp:/opt/intel/oneapi/ipp/2021.9.0/lib/cmake/ipp:/opt/intel/oneapi/dnnl/2023.2.0/cpu_dpcpp_gpu_dpcpp/../lib/cmake:/opt/intel/oneapi/dal/2023.2.0:/opt/intel/oneapi/compiler/2023.2.1/linux/IntelDPCPP:/opt/intel/oneapi/ccl/2021.10.0/lib/cmake/oneCCL:/home/accesslabros2/access_ws/install/orange:/opt/ros/humble /usr/bin/cmake --build /home/accesslabros2/access_ws/build/cpp_launch -- -j20 -l20
[0.558s] Invoked command in '/home/accesslabros2/access_ws/build/cpp_launch' returned '0': AMENT_PREFIX_PATH=/home/accesslabros2/access_ws/install/orange:/home/accesslabros2/access_ws/install/cpp_launcher:/home/accesslabros2/access_ws/install/green:/opt/ros/humble CMAKE_PREFIX_PATH=/home/accesslabros2/access_ws/install/green:/home/accesslabros2/access_ws/install/cpp_launcher:/opt/intel/oneapi/tbb/2021.10.0/env/..:/opt/intel/oneapi/ipp/2021.9.0/lib/cmake/ipp:/opt/intel/oneapi/ipp/2021.9.0/lib/cmake/ipp:/opt/intel/oneapi/dnnl/2023.2.0/cpu_dpcpp_gpu_dpcpp/../lib/cmake:/opt/intel/oneapi/dal/2023.2.0:/opt/intel/oneapi/compiler/2023.2.1/linux/IntelDPCPP:/opt/intel/oneapi/ccl/2021.10.0/lib/cmake/oneCCL:/home/accesslabros2/access_ws/install/orange:/opt/ros/humble /usr/bin/cmake --build /home/accesslabros2/access_ws/build/cpp_launch -- -j20 -l20
[0.592s] Invoking command in '/home/accesslabros2/access_ws/build/cpp_launch': AMENT_PREFIX_PATH=/home/accesslabros2/access_ws/install/orange:/home/accesslabros2/access_ws/install/cpp_launcher:/home/accesslabros2/access_ws/install/green:/opt/ros/humble CMAKE_PREFIX_PATH=/home/accesslabros2/access_ws/install/green:/home/accesslabros2/access_ws/install/cpp_launcher:/opt/intel/oneapi/tbb/2021.10.0/env/..:/opt/intel/oneapi/ipp/2021.9.0/lib/cmake/ipp:/opt/intel/oneapi/ipp/2021.9.0/lib/cmake/ipp:/opt/intel/oneapi/dnnl/2023.2.0/cpu_dpcpp_gpu_dpcpp/../lib/cmake:/opt/intel/oneapi/dal/2023.2.0:/opt/intel/oneapi/compiler/2023.2.1/linux/IntelDPCPP:/opt/intel/oneapi/ccl/2021.10.0/lib/cmake/oneCCL:/home/accesslabros2/access_ws/install/orange:/opt/ros/humble /usr/bin/cmake --install /home/accesslabros2/access_ws/build/cpp_launch
[0.601s] -- Install configuration: ""
[0.601s] -- Installing: /home/accesslabros2/access_ws/install/cpp_launch/share/cpp_launch/launch
[0.601s] -- Installing: /home/accesslabros2/access_ws/install/cpp_launch/share/cpp_launch/launch/launch.py
[0.602s] -- Installing: /home/accesslabros2/access_ws/install/cpp_launch/share/ament_index/resource_index/package_run_dependencies/cpp_launch
[0.602s] -- Installing: /home/accesslabros2/access_ws/install/cpp_launch/share/ament_index/resource_index/parent_prefix_path/cpp_launch
[0.602s] -- Installing: /home/accesslabros2/access_ws/install/cpp_launch/share/cpp_launch/environment/ament_prefix_path.sh
[0.602s] -- Installing: /home/accesslabros2/access_ws/install/cpp_launch/share/cpp_launch/environment/ament_prefix_path.dsv
[0.602s] -- Installing: /home/accesslabros2/access_ws/install/cpp_launch/share/cpp_launch/environment/path.sh
[0.603s] -- Installing: /home/accesslabros2/access_ws/install/cpp_launch/share/cpp_launch/environment/path.dsv
[0.603s] -- Installing: /home/accesslabros2/access_ws/install/cpp_launch/share/cpp_launch/local_setup.bash
[0.603s] -- Installing: /home/accesslabros2/access_ws/install/cpp_launch/share/cpp_launch/local_setup.sh
[0.603s] -- Installing: /home/accesslabros2/access_ws/install/cpp_launch/share/cpp_launch/local_setup.zsh
[0.603s] -- Installing: /home/accesslabros2/access_ws/install/cpp_launch/share/cpp_launch/local_setup.dsv
[0.603s] -- Installing: /home/accesslabros2/access_ws/install/cpp_launch/share/cpp_launch/package.dsv
[0.603s] -- Installing: /home/accesslabros2/access_ws/install/cpp_launch/share/ament_index/resource_index/packages/cpp_launch
[0.603s] -- Installing: /home/accesslabros2/access_ws/install/cpp_launch/share/cpp_launch/cmake/cpp_launchConfig.cmake
[0.603s] -- Installing: /home/accesslabros2/access_ws/install/cpp_launch/share/cpp_launch/cmake/cpp_launchConfig-version.cmake
[0.604s] -- Installing: /home/accesslabros2/access_ws/install/cpp_launch/share/cpp_launch/package.xml
[0.605s] Invoked command in '/home/accesslabros2/access_ws/build/cpp_launch' returned '0': AMENT_PREFIX_PATH=/home/accesslabros2/access_ws/install/orange:/home/accesslabros2/access_ws/install/cpp_launcher:/home/accesslabros2/access_ws/install/green:/opt/ros/humble CMAKE_PREFIX_PATH=/home/accesslabros2/access_ws/install/green:/home/accesslabros2/access_ws/install/cpp_launcher:/opt/intel/oneapi/tbb/2021.10.0/env/..:/opt/intel/oneapi/ipp/2021.9.0/lib/cmake/ipp:/opt/intel/oneapi/ipp/2021.9.0/lib/cmake/ipp:/opt/intel/oneapi/dnnl/2023.2.0/cpu_dpcpp_gpu_dpcpp/../lib/cmake:/opt/intel/oneapi/dal/2023.2.0:/opt/intel/oneapi/compiler/2023.2.1/linux/IntelDPCPP:/opt/intel/oneapi/ccl/2021.10.0/lib/cmake/oneCCL:/home/accesslabros2/access_ws/install/orange:/opt/ros/humble /usr/bin/cmake --install /home/accesslabros2/access_ws/build/cpp_launch
