[0.031s] Invoking command in '/home/accesslabros2/access_ws/build/cpp_launcher': AMENT_PREFIX_PATH=/home/accesslabros2/access_ws/install/orange:/home/accesslabros2/access_ws/install/cpp_launcher:/home/accesslabros2/access_ws/install/green:/opt/ros/humble CMAKE_PREFIX_PATH=/home/accesslabros2/access_ws/install/green:/home/accesslabros2/access_ws/install/cpp_launcher:/opt/intel/oneapi/tbb/2021.10.0/env/..:/opt/intel/oneapi/ipp/2021.9.0/lib/cmake/ipp:/opt/intel/oneapi/ipp/2021.9.0/lib/cmake/ipp:/opt/intel/oneapi/dnnl/2023.2.0/cpu_dpcpp_gpu_dpcpp/../lib/cmake:/opt/intel/oneapi/dal/2023.2.0:/opt/intel/oneapi/compiler/2023.2.1/linux/IntelDPCPP:/opt/intel/oneapi/ccl/2021.10.0/lib/cmake/oneCCL:/home/accesslabros2/access_ws/install/orange:/opt/ros/humble /usr/bin/cmake --build /home/accesslabros2/access_ws/build/cpp_launcher -- -j20 -l20
[0.054s] Invoked command in '/home/accesslabros2/access_ws/build/cpp_launcher' returned '0': AMENT_PREFIX_PATH=/home/accesslabros2/access_ws/install/orange:/home/accesslabros2/access_ws/install/cpp_launcher:/home/accesslabros2/access_ws/install/green:/opt/ros/humble CMAKE_PREFIX_PATH=/home/accesslabros2/access_ws/install/green:/home/accesslabros2/access_ws/install/cpp_launcher:/opt/intel/oneapi/tbb/2021.10.0/env/..:/opt/intel/oneapi/ipp/2021.9.0/lib/cmake/ipp:/opt/intel/oneapi/ipp/2021.9.0/lib/cmake/ipp:/opt/intel/oneapi/dnnl/2023.2.0/cpu_dpcpp_gpu_dpcpp/../lib/cmake:/opt/intel/oneapi/dal/2023.2.0:/opt/intel/oneapi/compiler/2023.2.1/linux/IntelDPCPP:/opt/intel/oneapi/ccl/2021.10.0/lib/cmake/oneCCL:/home/accesslabros2/access_ws/install/orange:/opt/ros/humble /usr/bin/cmake --build /home/accesslabros2/access_ws/build/cpp_launcher -- -j20 -l20
[0.085s] Invoking command in '/home/accesslabros2/access_ws/build/cpp_launcher': AMENT_PREFIX_PATH=/home/accesslabros2/access_ws/install/orange:/home/accesslabros2/access_ws/install/cpp_launcher:/home/accesslabros2/access_ws/install/green:/opt/ros/humble CMAKE_PREFIX_PATH=/home/accesslabros2/access_ws/install/green:/home/accesslabros2/access_ws/install/cpp_launcher:/opt/intel/oneapi/tbb/2021.10.0/env/..:/opt/intel/oneapi/ipp/2021.9.0/lib/cmake/ipp:/opt/intel/oneapi/ipp/2021.9.0/lib/cmake/ipp:/opt/intel/oneapi/dnnl/2023.2.0/cpu_dpcpp_gpu_dpcpp/../lib/cmake:/opt/intel/oneapi/dal/2023.2.0:/opt/intel/oneapi/compiler/2023.2.1/linux/IntelDPCPP:/opt/intel/oneapi/ccl/2021.10.0/lib/cmake/oneCCL:/home/accesslabros2/access_ws/install/orange:/opt/ros/humble /usr/bin/cmake --install /home/accesslabros2/access_ws/build/cpp_launcher
[0.094s] -- Install configuration: ""
[0.094s] -- Up-to-date: /home/accesslabros2/access_ws/install/cpp_launcher/share/cpp_launcher/launch
[0.094s] -- Up-to-date: /home/accesslabros2/access_ws/install/cpp_launcher/share/cpp_launcher/launch/launch.py
[0.095s] -- Up-to-date: /home/accesslabros2/access_ws/install/cpp_launcher/share/ament_index/resource_index/package_run_dependencies/cpp_launcher
[0.095s] -- Up-to-date: /home/accesslabros2/access_ws/install/cpp_launcher/share/ament_index/resource_index/parent_prefix_path/cpp_launcher
[0.095s] -- Up-to-date: /home/accesslabros2/access_ws/install/cpp_launcher/share/cpp_launcher/environment/ament_prefix_path.sh
[0.095s] -- Up-to-date: /home/accesslabros2/access_ws/install/cpp_launcher/share/cpp_launcher/environment/ament_prefix_path.dsv
[0.095s] -- Up-to-date: /home/accesslabros2/access_ws/install/cpp_launcher/share/cpp_launcher/environment/path.sh
[0.095s] -- Up-to-date: /home/accesslabros2/access_ws/install/cpp_launcher/share/cpp_launcher/environment/path.dsv
[0.095s] -- Up-to-date: /home/accesslabros2/access_ws/install/cpp_launcher/share/cpp_launcher/local_setup.bash
[0.096s] -- Up-to-date: /home/accesslabros2/access_ws/install/cpp_launcher/share/cpp_launcher/local_setup.sh
[0.097s] -- Up-to-date: /home/accesslabros2/access_ws/install/cpp_launcher/share/cpp_launcher/local_setup.zsh
[0.097s] -- Up-to-date: /home/accesslabros2/access_ws/install/cpp_launcher/share/cpp_launcher/local_setup.dsv
[0.097s] -- Up-to-date: /home/accesslabros2/access_ws/install/cpp_launcher/share/cpp_launcher/package.dsv
[0.098s] -- Up-to-date: /home/accesslabros2/access_ws/install/cpp_launcher/share/ament_index/resource_index/packages/cpp_launcher
[0.098s] -- Up-to-date: /home/accesslabros2/access_ws/install/cpp_launcher/share/cpp_launcher/cmake/cpp_launcherConfig.cmake
[0.098s] -- Up-to-date: /home/accesslabros2/access_ws/install/cpp_launcher/share/cpp_launcher/cmake/cpp_launcherConfig-version.cmake
[0.098s] -- Up-to-date: /home/accesslabros2/access_ws/install/cpp_launcher/share/cpp_launcher/package.xml
[0.099s] Invoked command in '/home/accesslabros2/access_ws/build/cpp_launcher' returned '0': AMENT_PREFIX_PATH=/home/accesslabros2/access_ws/install/orange:/home/accesslabros2/access_ws/install/cpp_launcher:/home/accesslabros2/access_ws/install/green:/opt/ros/humble CMAKE_PREFIX_PATH=/home/accesslabros2/access_ws/install/green:/home/accesslabros2/access_ws/install/cpp_launcher:/opt/intel/oneapi/tbb/2021.10.0/env/..:/opt/intel/oneapi/ipp/2021.9.0/lib/cmake/ipp:/opt/intel/oneapi/ipp/2021.9.0/lib/cmake/ipp:/opt/intel/oneapi/dnnl/2023.2.0/cpu_dpcpp_gpu_dpcpp/../lib/cmake:/opt/intel/oneapi/dal/2023.2.0:/opt/intel/oneapi/compiler/2023.2.1/linux/IntelDPCPP:/opt/intel/oneapi/ccl/2021.10.0/lib/cmake/oneCCL:/home/accesslabros2/access_ws/install/orange:/opt/ros/humble /usr/bin/cmake --install /home/accesslabros2/access_ws/build/cpp_launcher
