-- The C compiler identification is GNU 11.4.0
-- The CXX compiler identification is GNU 11.4.0
-- Detecting C compiler ABI info
-- Detecting C compiler ABI info - done
-- Check for working C compiler: /usr/bin/gcc - skipped
-- Detecting C compile features
-- Detecting C compile features - done
-- Detecting CXX compiler ABI info
-- Detecting CXX compiler ABI info - done
-- Check for working CXX compiler: /usr/bin/g++ - skipped
-- Detecting CXX compile features
-- Detecting CXX compile features - done
-- Found ament_cmake: 1.3.5 (/opt/ros/humble/share/ament_cmake/cmake)
-- Found Python3: /usr/bin/python3.10 (found version "3.10.12") found components: Interpreter 
-- Found rclcpp: 16.0.6 (/opt/ros/humble/share/rclcpp/cmake)
-- Found rosidl_generator_c: 3.1.5 (/opt/ros/humble/share/rosidl_generator_c/cmake)
-- Found rosidl_adapter: 3.1.5 (/opt/ros/humble/share/rosidl_adapter/cmake)
-- Found rosidl_generator_cpp: 3.1.5 (/opt/ros/humble/share/rosidl_generator_cpp/cmake)
-- Using all available rosidl_typesupport_c: rosidl_typesupport_fastrtps_c;rosidl_typesupport_introspection_c
-- Using all available rosidl_typesupport_cpp: rosidl_typesupport_fastrtps_cpp;rosidl_typesupport_introspection_cpp
-- Found rmw_implementation_cmake: 6.1.1 (/opt/ros/humble/share/rmw_implementation_cmake/cmake)
-- Found rmw_cyclonedds_cpp: 1.3.4 (/opt/ros/humble/share/rmw_cyclonedds_cpp/cmake)
-- Using RMW implementation 'rmw_cyclonedds_cpp' as default
-- Looking for pthread.h
-- Looking for pthread.h - found
-- Performing Test CMAKE_HAVE_LIBC_PTHREAD
-- Performing Test CMAKE_HAVE_LIBC_PTHREAD - Success
-- Found Threads: TRUE  
-- Found sensor_msgs: 4.2.3 (/opt/ros/humble/share/sensor_msgs/cmake)
-- Found cv_bridge: 3.2.1 (/opt/ros/humble/share/cv_bridge/cmake)
-- Found image_transport: 3.1.7 (/opt/ros/humble/share/image_transport/cmake)
-- Found OpenCV: /usr (found version "4.5.4") 
-- Found ament_lint_auto: 0.12.8 (/opt/ros/humble/share/ament_lint_auto/cmake)
-- Configuring done
-- Generating done
-- Build files have been written to: /home/accesslabros2/access_ws/build/green
[ 50%] [32mBuilding CXX object CMakeFiles/color_filter.dir/src/color_filter.cpp.o[0m
[100%] [32m[1mLinking CXX executable color_filter[0m
[100%] Built target color_filter
-- Install configuration: ""
-- Installing: /home/accesslabros2/access_ws/install/green/lib/green/color_filter
-- Set runtime path of "/home/accesslabros2/access_ws/install/green/lib/green/color_filter" to ""
-- Installing: /home/accesslabros2/access_ws/install/green/share/ament_index/resource_index/package_run_dependencies/green
-- Installing: /home/accesslabros2/access_ws/install/green/share/ament_index/resource_index/parent_prefix_path/green
-- Installing: /home/accesslabros2/access_ws/install/green/share/green/environment/ament_prefix_path.sh
-- Installing: /home/accesslabros2/access_ws/install/green/share/green/environment/ament_prefix_path.dsv
-- Installing: /home/accesslabros2/access_ws/install/green/share/green/environment/path.sh
-- Installing: /home/accesslabros2/access_ws/install/green/share/green/environment/path.dsv
-- Installing: /home/accesslabros2/access_ws/install/green/share/green/local_setup.bash
-- Installing: /home/accesslabros2/access_ws/install/green/share/green/local_setup.sh
-- Installing: /home/accesslabros2/access_ws/install/green/share/green/local_setup.zsh
-- Installing: /home/accesslabros2/access_ws/install/green/share/green/local_setup.dsv
-- Installing: /home/accesslabros2/access_ws/install/green/share/green/package.dsv
-- Installing: /home/accesslabros2/access_ws/install/green/share/ament_index/resource_index/packages/green
-- Installing: /home/accesslabros2/access_ws/install/green/share/green/cmake/greenConfig.cmake
-- Installing: /home/accesslabros2/access_ws/install/green/share/green/cmake/greenConfig-version.cmake
-- Installing: /home/accesslabros2/access_ws/install/green/share/green/package.xml
