[0.052s] Invoking command in '/home/accesslabros2/access_ws/build/green': CMAKE_PREFIX_PATH=${CMAKE_PREFIX_PATH}:/opt/ros/humble /usr/bin/cmake /home/accesslabros2/access_ws/src/green -DCMAKE_INSTALL_PREFIX=/home/accesslabros2/access_ws/install/green
[0.115s] -- The C compiler identification is GNU 11.4.0
[0.164s] -- The CXX compiler identification is GNU 11.4.0
[0.172s] -- Detecting C compiler ABI info
[0.213s] -- Detecting C compiler ABI info - done
[0.218s] -- Check for working C compiler: /usr/bin/gcc - skipped
[0.218s] -- Detecting C compile features
[0.219s] -- Detecting C compile features - done
[0.221s] -- Detecting CXX compiler ABI info
[0.265s] -- Detecting CXX compiler ABI info - done
[0.270s] -- Check for working CXX compiler: /usr/bin/g++ - skipped
[0.270s] -- Detecting CXX compile features
[0.270s] -- Detecting CXX compile features - done
[0.273s] -- Found ament_cmake: 1.3.5 (/opt/ros/humble/share/ament_cmake/cmake)
[0.367s] -- Found Python3: /usr/bin/python3.10 (found version "3.10.12") found components: Interpreter 
[0.420s] -- Found rclcpp: 16.0.6 (/opt/ros/humble/share/rclcpp/cmake)
[0.450s] -- Found rosidl_generator_c: 3.1.5 (/opt/ros/humble/share/rosidl_generator_c/cmake)
[0.454s] -- Found rosidl_adapter: 3.1.5 (/opt/ros/humble/share/rosidl_adapter/cmake)
[0.460s] -- Found rosidl_generator_cpp: 3.1.5 (/opt/ros/humble/share/rosidl_generator_cpp/cmake)
[0.469s] -- Using all available rosidl_typesupport_c: rosidl_typesupport_fastrtps_c;rosidl_typesupport_introspection_c
[0.482s] -- Using all available rosidl_typesupport_cpp: rosidl_typesupport_fastrtps_cpp;rosidl_typesupport_introspection_cpp
[0.525s] -- Found rmw_implementation_cmake: 6.1.1 (/opt/ros/humble/share/rmw_implementation_cmake/cmake)
[0.527s] -- Found rmw_cyclonedds_cpp: 1.3.4 (/opt/ros/humble/share/rmw_cyclonedds_cpp/cmake)
[0.550s] -- Using RMW implementation 'rmw_cyclonedds_cpp' as default
[0.560s] -- Looking for pthread.h
[0.605s] -- Looking for pthread.h - found
[0.605s] -- Performing Test CMAKE_HAVE_LIBC_PTHREAD
[0.668s] -- Performing Test CMAKE_HAVE_LIBC_PTHREAD - Success
[0.669s] -- Found Threads: TRUE  
[0.768s] -- Found sensor_msgs: 4.2.3 (/opt/ros/humble/share/sensor_msgs/cmake)
[0.839s] -- Found cv_bridge: 3.2.1 (/opt/ros/humble/share/cv_bridge/cmake)
[0.849s] -- Found image_transport: 3.1.7 (/opt/ros/humble/share/image_transport/cmake)
[0.880s] -- Found OpenCV: /usr (found version "4.5.4") 
[0.881s] -- Found ament_lint_auto: 0.12.8 (/opt/ros/humble/share/ament_lint_auto/cmake)
[0.917s] -- Configuring done
[0.924s] -- Generating done
[0.924s] -- Build files have been written to: /home/accesslabros2/access_ws/build/green
[0.930s] Invoked command in '/home/accesslabros2/access_ws/build/green' returned '0': CMAKE_PREFIX_PATH=${CMAKE_PREFIX_PATH}:/opt/ros/humble /usr/bin/cmake /home/accesslabros2/access_ws/src/green -DCMAKE_INSTALL_PREFIX=/home/accesslabros2/access_ws/install/green
[0.930s] Invoking command in '/home/accesslabros2/access_ws/build/green': CMAKE_PREFIX_PATH=${CMAKE_PREFIX_PATH}:/opt/ros/humble /usr/bin/cmake --build /home/accesslabros2/access_ws/build/green -- -j20 -l20
[0.967s] [ 50%] [32mBuilding CXX object CMakeFiles/color_filter.dir/src/color_filter.cpp.o[0m
[5.383s] [100%] [32m[1mLinking CXX executable color_filter[0m
[5.848s] [100%] Built target color_filter
[5.859s] Invoked command in '/home/accesslabros2/access_ws/build/green' returned '0': CMAKE_PREFIX_PATH=${CMAKE_PREFIX_PATH}:/opt/ros/humble /usr/bin/cmake --build /home/accesslabros2/access_ws/build/green -- -j20 -l20
[5.901s] Invoking command in '/home/accesslabros2/access_ws/build/green': CMAKE_PREFIX_PATH=${CMAKE_PREFIX_PATH}:/opt/ros/humble /usr/bin/cmake --install /home/accesslabros2/access_ws/build/green
[5.908s] -- Install configuration: ""
[5.909s] -- Installing: /home/accesslabros2/access_ws/install/green/lib/green/color_filter
[5.912s] -- Set runtime path of "/home/accesslabros2/access_ws/install/green/lib/green/color_filter" to ""
[5.912s] -- Installing: /home/accesslabros2/access_ws/install/green/share/ament_index/resource_index/package_run_dependencies/green
[5.913s] -- Installing: /home/accesslabros2/access_ws/install/green/share/ament_index/resource_index/parent_prefix_path/green
[5.913s] -- Installing: /home/accesslabros2/access_ws/install/green/share/green/environment/ament_prefix_path.sh
[5.913s] -- Installing: /home/accesslabros2/access_ws/install/green/share/green/environment/ament_prefix_path.dsv
[5.913s] -- Installing: /home/accesslabros2/access_ws/install/green/share/green/environment/path.sh
[5.913s] -- Installing: /home/accesslabros2/access_ws/install/green/share/green/environment/path.dsv
[5.913s] -- Installing: /home/accesslabros2/access_ws/install/green/share/green/local_setup.bash
[5.913s] -- Installing: /home/accesslabros2/access_ws/install/green/share/green/local_setup.sh
[5.913s] -- Installing: /home/accesslabros2/access_ws/install/green/share/green/local_setup.zsh
[5.914s] -- Installing: /home/accesslabros2/access_ws/install/green/share/green/local_setup.dsv
[5.914s] -- Installing: /home/accesslabros2/access_ws/install/green/share/green/package.dsv
[5.914s] -- Installing: /home/accesslabros2/access_ws/install/green/share/ament_index/resource_index/packages/green
[5.914s] -- Installing: /home/accesslabros2/access_ws/install/green/share/green/cmake/greenConfig.cmake
[5.914s] -- Installing: /home/accesslabros2/access_ws/install/green/share/green/cmake/greenConfig-version.cmake
[5.914s] -- Installing: /home/accesslabros2/access_ws/install/green/share/green/package.xml
[5.915s] Invoked command in '/home/accesslabros2/access_ws/build/green' returned '0': CMAKE_PREFIX_PATH=${CMAKE_PREFIX_PATH}:/opt/ros/humble /usr/bin/cmake --install /home/accesslabros2/access_ws/build/green
